Loading script...

Tue Dec 17 2019 10:06:59 GMT+0000 (Coordinated Universal Time) - Starting tests...
Checking type_check_v1
type_check_v1 - 'number' OK
type_check_v1 - 'StringNotNumber' OK
type_check_v1 - 'BooleanNotNumber' OK
type_check_v1 - 'object' KO
	Unexpected behaviour : ReferenceError - value is not defined
type_check_v1 - 'null' OK
type_check_v1 - 'nullNotObject' KO
	Unexpected behaviour : ReferenceError - value is not defined
type_check_v1 - 'undefined' KO
	expected : true - got false
type_check_v1 - 'string' OK
type_check_v1 - 'array' KO
	Unexpected behaviour : ReferenceError - value is not defined
type_check_v1 - 'function' KO
	expected : true - got false
type_check_v1 - 'arrayNotObject' KO
	Unexpected behaviour : ReferenceError - value is not defined

Checking type_check_v2
type_check_v2 - 'number' OK
type_check_v2 - 'numberNotValue' KO
	expected : false - got true
type_check_v2 - 'numberNotObject' KO
	Unexpected behaviour : ReferenceError - value is not defined
type_check_v2 - 'stringEnum' KO
	expected : false - got true
type_check_v2 - 'objectMatch' KO
	Unexpected behaviour : ReferenceError - value is not defined
type_check_v2 - 'objectNotMatch' KO
	Unexpected behaviour : ReferenceError - value is not defined

Checking type_check
type_check - 'number' KO
	Unexpected behaviour : TypeError - "type_check" not implemented
type_check - 'numberNotValue' KO
	Unexpected behaviour : TypeError - "type_check" not implemented
type_check - 'numberNotObject' KO
	Unexpected behaviour : TypeError - "type_check" not implemented
type_check - 'stringEnum' KO
	Unexpected behaviour : TypeError - "type_check" not implemented
type_check - 'objectMatch' KO
	Unexpected behaviour : TypeError - "type_check" not implemented
type_check - 'objectNotMatch' KO
	Unexpected behaviour : TypeError - "type_check" not implemented
type_check - 'objectSuperMatch' KO
	Unexpected behaviour : TypeError - "type_check" not implemented

