Loading script...

Tue Dec 17 2019 11:57:12 GMT+0000 (Coordinated Universal Time) - Starting tests...
Checking type_check_v1
type_check_v1 - 'number' KO
	expected : true - got false
type_check_v1 - 'StringNotNumber' OK
type_check_v1 - 'BooleanNotNumber' OK
type_check_v1 - 'object' KO
	expected : true - got false
type_check_v1 - 'null' KO
	expected : true - got false
type_check_v1 - 'nullNotObject' OK
type_check_v1 - 'undefined' OK
type_check_v1 - 'string' KO
	expected : true - got false
type_check_v1 - 'array' KO
	expected : true - got false
type_check_v1 - 'function' KO
	expected : true - got false
type_check_v1 - 'arrayNotObject' OK

Checking type_check_v2
type_check_v2 - 'number' KO
	expected : true - got false
type_check_v2 - 'numberNotValue' OK
type_check_v2 - 'numberNotObject' OK
type_check_v2 - 'stringEnum' OK
type_check_v2 - 'objectMatch' KO
	expected : true - got false
type_check_v2 - 'objectNotMatch' OK

Checking type_check
type_check - 'number' KO
	Unexpected behaviour : TypeError - "type_check" not implemented
type_check - 'numberNotValue' KO
	Unexpected behaviour : TypeError - "type_check" not implemented
type_check - 'numberNotObject' KO
	Unexpected behaviour : TypeError - "type_check" not implemented
type_check - 'stringEnum' KO
	Unexpected behaviour : TypeError - "type_check" not implemented
type_check - 'objectMatch' KO
	Unexpected behaviour : TypeError - "type_check" not implemented
type_check - 'objectNotMatch' KO
	Unexpected behaviour : TypeError - "type_check" not implemented
type_check - 'objectSuperMatch' KO
	Unexpected behaviour : TypeError - "type_check" not implemented

