Loading script...

Starting tests...
Checking type_check_v1
type_check_v1 - 'number' OK
type_check_v1 - 'StringNotNumber' OK
type_check_v1 - 'BooleanNotNumber' OK
type_check_v1 - 'object' OK
type_check_v1 - 'null' KO
	expected : true - got false
type_check_v1 - 'nullNotObject' KO
	expected : false - got true
type_check_v1 - 'undefined' KO
	expected : true - got false
type_check_v1 - 'string' OK
type_check_v1 - 'array' OK
type_check_v1 - 'function' KO
	expected : true - got false
type_check_v1 - 'arrayNotObject' KO
	expected : false - got true

Checking type_check_v2
type_check_v2 - 'number' OK
type_check_v2 - 'numberNotValue' OK
type_check_v2 - 'numberNotObject' KO
	expected : false - got true
type_check_v2 - 'stringEnum' OK
type_check_v2 - 'objectMatch' KO
	expected : true - got false
type_check_v2 - 'objectNotMatch' OK

Checking type_check
type_check - 'number' OK
type_check - 'numberNotValue' OK
type_check - 'numberNotObject' KO
	expected : false - got true
type_check - 'stringEnum' OK
type_check - 'objectMatch' KO
	expected : true - got false
type_check - 'objectNotMatch' OK
type_check - 'objectSuperMatch' OK

