Loading script...

Wed Dec 18 2019 18:16:05 GMT+0000 (Coordinated Universal Time) - Starting tests...
Checking type_check_v1
type_check_v1 - 'number' OK
type_check_v1 - 'StringNotNumber' OK
type_check_v1 - 'BooleanNotNumber' OK
type_check_v1 - 'object' OK
type_check_v1 - 'null' OK
type_check_v1 - 'nullNotObject' KO
	expected : false - got true
type_check_v1 - 'undefined' KO
	expected : true - got false
type_check_v1 - 'string' OK
type_check_v1 - 'array' OK
type_check_v1 - 'function' KO
	expected : true - got false
type_check_v1 - 'arrayNotObject' KO
	expected : false - got true

Checking type_check_v2
type_check_v2 - 'number' KO
	expected : true - got undefined
type_check_v2 - 'numberNotValue' KO
	expected : false - got undefined
type_check_v2 - 'numberNotObject' KO
	expected : false - got undefined
type_check_v2 - 'stringEnum' KO
	expected : false - got undefined
type_check_v2 - 'objectMatch' KO
	expected : true - got undefined
type_check_v2 - 'objectNotMatch' KO
	expected : false - got undefined

Checking type_check
type_check - 'number' KO
	expected : true - got undefined
type_check - 'numberNotValue' KO
	expected : false - got undefined
type_check - 'numberNotObject' KO
	expected : false - got undefined
type_check - 'stringEnum' KO
	expected : false - got undefined
type_check - 'objectMatch' KO
	expected : true - got undefined
type_check - 'objectNotMatch' KO
	expected : false - got undefined
type_check - 'objectSuperMatch' KO
	expected : true - got undefined

