Loading script...

Wed Dec 18 2019 18:43:24 GMT+0000 (Coordinated Universal Time) - Starting tests...
Checking type_check_v1
type_check_v1 - 'number' OK
type_check_v1 - 'StringNotNumber' OK
type_check_v1 - 'BooleanNotNumber' OK
type_check_v1 - 'object' OK
type_check_v1 - 'null' KO
	Unexpected behaviour : ReferenceError - type is not defined
type_check_v1 - 'nullNotObject' KO
	Unexpected behaviour : ReferenceError - type is not defined
type_check_v1 - 'undefined' KO
	Unexpected behaviour : ReferenceError - type is not defined
type_check_v1 - 'string' OK
type_check_v1 - 'array' KO
	Unexpected behaviour : ReferenceError - type is not defined
type_check_v1 - 'function' KO
	Unexpected behaviour : ReferenceError - type is not defined
type_check_v1 - 'arrayNotObject' KO
	Unexpected behaviour : ReferenceError - type is not defined

Checking type_check_v2
type_check_v2 - 'number' OK
type_check_v2 - 'numberNotValue' OK
type_check_v2 - 'numberNotObject' OK
type_check_v2 - 'stringEnum' OK