
yoda - 'Object' OK

Loading script...
Checking vig
Tue Dec 17 2019 16:09:13 GMT+0000 (Coordinated Universal Time) - Starting tests...

vig - 'anticonstitutionnellement - foo' OKChecking ucfirst
vig - 'antiConstiTutioNnellement - foo' OK
vig - 'une phrase tres tres longue mais qui ne veut absolument rien dire car c est juste un test - nawakdecheznawak' OK
ucfirst - 'test' OK
vig - ' - test' OK
ucfirst - ' test' OK
vig - 'null - test' OK
vig - 'Object - test' OK
ucfirst - 'Test' OK


ucfirst - 'TEST' OKChecking prop_access
ucfirst - 'null' OK
prop_access - 'path exist - value string' OK
prop_access - 'path exist - value object' OK
ucfirst - 'Object' OK


prop_access - 'path exist - value array' OKChecking capitalize
capitalize - 'test' OK
capitalize - ' test' OK
prop_access - 'path not exist' OK
prop_access - 'path empty' OK
capitalize - 'ipsum DOLOR' OK
prop_access - 'object null' OK
capitalize - 'sit 8met consectetur' OK
capitalize - '_dipiscing elit' OK
capitalize - 'null' OK
capitalize - 'Object' OK

Checking camelCase
camelCase - 'toggle case is the coolest' OK
camelCase - 'toggleCase is the coolest' OK
camelCase - 'ToggleCase is the 3oolest' OK
camelCase - 'ToggleCaseIsTheCoolest' OK
camelCase - 'ToggleCase is_the coolest' OK
camelCase - ' toggleCase' OK