
ucfirst - 'Object' OK

Checking capitalizeLoading script...

capitalize - 'test' OK
Tue Dec 17 2019 16:11:27 GMT+0000 (Coordinated Universal Time) - Starting tests...
Checking ucfirst
capitalize - ' test' KO
	Unexpected behaviour : TypeError - Cannot read property 'toUpperCase' of undefined
capitalize - 'ipsum DOLOR' OK
capitalize - 'sit 8met consectetur' OK
ucfirst - 'test' OK
capitalize - '_dipiscing elit' OK
ucfirst - ' test' OK
capitalize - 'null' OK
ucfirst - 'Test' OK
capitalize - 'Object' OK

Checking camelCase
ucfirst - 'TEST' OK
ucfirst - 'null' OK
camelCase - 'toggle case is the coolest' KO
	expected : "ToggleCaseIsTheCoolest" - got "oggleasesheoolest"
ucfirst - 'Object' OK
camelCase - 'toggleCase is the coolest' KO
	expected : "TogglecaseIsTheCoolest" - got "ogglecasesheoolest"

Checking capitalize
camelCase - 'ToggleCase is the 3oolest' KO
	expected : "TogglecaseIsThe3oolest" - got "ogglecaseshe3oolest"
capitalize - 'test' OK
camelCase - 'ToggleCaseIsTheCoolest' KO
	expected : "Togglecaseisthecoolest" - got "ogglecaseisthecoolest"
capitalize - ' test' KO
	Unexpected behaviour : TypeError - Cannot read property 'toUpperCase' of undefined
camelCase - 'ToggleCase is_the coolest' KO
	expected : "TogglecaseIsTheCoolest" - got "ogglecasestheoolest"
camelCase - ' toggleCase' KO
	Unexpected behaviour : TypeError - Cannot read property 'toUpperCase' of undefined
capitalize - 'ipsum DOLOR' OK
capitalize - 'sit 8met consectetur' OK
camelCase - 'null' OK
camelCase - 'Object' OK

Checking snake_case
capitalize - '_dipiscing elit' OK
snake_case - 'toggle case is the coolest' OK
capitalize - 'null' OK
capitalize - 'Object' OK
snake_case - 'toggleCase is the coolest' OK
snake_case - 'ToggleCase is the 3oolest' OK


snake_case - 'ToggleCaseIsTheCool3st' OKChecking camelCase
snake_case - 'ToggleCase is_the coolest' OK
camelCase - 'toggle case is the coolest' KO
	expected : "ToggleCaseIsTheCoolest" - got "oggleasesheoolest"
camelCase - 'toggleCase is the coolest' KO
	expected : "TogglecaseIsTheCoolest" - got "ogglecasesheoolest"
snake_case - ' toggleCase' OK
camelCase - 'ToggleCase is the 3oolest' KO
	expected : "TogglecaseIsThe3oolest" - got "ogglecaseshe3oolest"
camelCase - 'ToggleCaseIsTheCoolest' KO
	expected : "Togglecaseisthecoolest" - got "ogglecaseisthecoolest"
camelCase - 'ToggleCase is_the coolest' KO
	expected : "TogglecaseIsTheCoolest" - got "ogglecasestheoolest"
camelCase - ' toggleCase' KO
	Unexpected behaviour : TypeError - Cannot read property 'toUpperCase' of undefined
camelCase - 'null' OK
camelCase - 'Object' OK

Checking snake_case
snake_case - 'toggle case is the coolest' OK
snake_case - 'toggleCase is the coolest' OK
snake_case - 'ToggleCase is the 3oolest' OK
snake_case - 'ToggleCaseIsTheCool3st' OK
snake_case - 'ToggleCase is_the coolest' OK
snake_case - ' toggleCase' OK
snake_case - 'null' OK
snake_case - 'Object' OK

Checking leet
leet - 'anaconda' OK
leet - 'anacoNDa' OK
leet - 'leet' OK
leet - 'yoda' OK
leet - 'evaluation' OK
leet - 'mon travail' OK
leet - ' ' OK