
ucfirst - ' test' OK
ucfirst - 'Test' OK
ucfirst - 'TEST' OKLoading script...

ucfirst - 'null' OK
ucfirst - 'Object' OK
Tue Dec 17 2019 16:11:16 GMT+0000 (Coordinated Universal Time) - Starting tests...
Checking ucfirst

Checking capitalize
capitalize - 'test' OK
ucfirst - 'test' OK
capitalize - ' test' KO
	expected : " Test" - got "Test"
ucfirst - ' test' OK
ucfirst - 'Test' OK
capitalize - 'ipsum DOLOR' OK
capitalize - 'sit 8met consectetur' OK
ucfirst - 'TEST' OK
capitalize - '_dipiscing elit' KO
	expected : "_dipiscing Elit" - got "Dipiscing Elit"
ucfirst - 'null' OK
ucfirst - 'Object' OK
capitalize - 'null' OK

Checking capitalize
capitalize - 'Object' OK

Checking camelCase
camelCase - 'toggle case is the coolest' OK
capitalize - 'test' OK
camelCase - 'toggleCase is the coolest' OK
capitalize - ' test' KO
	expected : " Test" - got "Test"
capitalize - 'ipsum DOLOR' OK
camelCase - 'ToggleCase is the 3oolest' OK
capitalize - 'sit 8met consectetur' OK
camelCase - 'ToggleCaseIsTheCoolest' OK
camelCase - 'ToggleCase is_the coolest' OK
capitalize - '_dipiscing elit' KO
	expected : "_dipiscing Elit" - got "Dipiscing Elit"
camelCase - ' toggleCase' OK
capitalize - 'null' OK
capitalize - 'Object' OK

Checking camelCase
camelCase - 'toggle case is the coolest' OK
camelCase - 'toggleCase is the coolest' OK
camelCase - 'null' OK
camelCase - 'Object' OK
camelCase - 'ToggleCase is the 3oolest' OK


camelCase - 'ToggleCaseIsTheCoolest' OKChecking snake_case
snake_case - 'toggle case is the coolest' OK
camelCase - 'ToggleCase is_the coolest' OK
snake_case - 'toggleCase is the coolest' OK
snake_case - 'ToggleCase is the 3oolest' OK
camelCase - ' toggleCase' OK
snake_case - 'ToggleCaseIsTheCool3st' OK
camelCase - 'null' OK
camelCase - 'Object' OK

Checking snake_case
snake_case - 'ToggleCase is_the coolest' OK
snake_case - ' toggleCase' OK
snake_case - 'toggle case is the coolest' OK
snake_case - 'null' OK
snake_case - 'Object' OK

Checking leet
snake_case - 'toggleCase is the coolest' OK
leet - 'anaconda' OK
snake_case - 'ToggleCase is the 3oolest' OK
leet - 'anacoNDa' OK
snake_case - 'ToggleCaseIsTheCool3st' OK
leet - 'leet' OK
snake_case - 'ToggleCase is_the coolest' OK
leet - 'yoda' OK
snake_case - ' toggleCase' OK
leet - 'evaluation' OK
snake_case - 'null' OK
leet - 'mon travail' OK
snake_case - 'Object' OK
leet - ' ' OK


leet - 'null' OK
leet - 'Object' OKChecking leet

Checking verlan
leet - 'anaconda' OK
leet - 'anacoNDa' OK
verlan - 'anaconda' KO
	Unexpected behaviour : TypeError - "verlan" not implemented
leet - 'leet' OK
leet - 'yoda' OK
leet - 'evaluation' OK
leet - 'mon travail' OK
leet - ' ' OK
leet - 'null' OK
leet - 'Object' OK

Checking verlan
verlan - 'anaconda' KO
	Unexpected behaviour : TypeError - "verlan" not implemented
verlan - 'kayak' KO
	Unexpected behaviour : TypeError - "verlan" not implemented
verlan - 'yoda m Luke' KO
	Unexpected behaviour : TypeError - "verlan" not implemented
verlan - '70da m L(_)k3' KO
	Unexpected behaviour : TypeError - "verlan" not implemented
verlan - ' ' KO
	Unexpected behaviour : TypeError - "verlan" not implemented
verlan - 'null' KO
	Unexpected behaviour : TypeError - "verlan" not implemented