
capitalize - 'ipsum DOLOR' KO
	expected : "Ipsum Dolor" - got "Ipsum DOLOR"
capitalize - 'sit 8met consectetur' OKLoading script...

capitalize - '_dipiscing elit' OK
capitalize - 'null' OK
capitalize - 'Object' OK

Checking camelCase
camelCase - 'toggle case is the coolest' OK
camelCase - 'toggleCase is the coolest' OK
camelCase - 'ToggleCase is the 3oolest' OK
Tue Dec 17 2019 16:10:27 GMT+0000 (Coordinated Universal Time) - Starting tests...

camelCase - 'ToggleCaseIsTheCoolest' OKChecking ucfirst
camelCase - 'ToggleCase is_the coolest' KO
	expected : "TogglecaseIsTheCoolest" - got "TogglecaseIs_theCoolest"
camelCase - ' toggleCase' OK
ucfirst - 'test' OK
ucfirst - ' test' OK
camelCase - 'null' OK
camelCase - 'Object' OK

Checking snake_case
snake_case - 'toggle case is the coolest' KO
	Unexpected behaviour : TypeError - "snake_case" not implemented
ucfirst - 'Test' OK
ucfirst - 'TEST' OK
snake_case - 'toggleCase is the coolest' KO
	Unexpected behaviour : TypeError - "snake_case" not implemented
snake_case - 'ToggleCase is the 3oolest' KO
	Unexpected behaviour : TypeError - "snake_case" not implemented
ucfirst - 'null' OK
ucfirst - 'Object' OK
snake_case - 'ToggleCaseIsTheCool3st' KO
	Unexpected behaviour : TypeError - "snake_case" not implemented

Checking capitalize
capitalize - 'test' OK
snake_case - 'ToggleCase is_the coolest' KO
	Unexpected behaviour : TypeError - "snake_case" not implemented
snake_case - ' toggleCase' KO
	Unexpected behaviour : TypeError - "snake_case" not implemented
capitalize - ' test' OK
snake_case - 'null' KO
	Unexpected behaviour : TypeError - "snake_case" not implemented
snake_case - 'Object' KO
	Unexpected behaviour : TypeError - "snake_case" not implemented

Checking leet
capitalize - 'ipsum DOLOR' KO
	expected : "Ipsum Dolor" - got "Ipsum DOLOR"
capitalize - 'sit 8met consectetur' OK
leet - 'anaconda' KO
	Unexpected behaviour : TypeError - "leet" not implemented
leet - 'anacoNDa' KO
	Unexpected behaviour : TypeError - "leet" not implemented
capitalize - '_dipiscing elit' OK
capitalize - 'null' OK
capitalize - 'Object' OK

Checking camelCase
leet - 'leet' KO
	Unexpected behaviour : TypeError - "leet" not implemented
leet - 'yoda' KO
	Unexpected behaviour : TypeError - "leet" not implemented
camelCase - 'toggle case is the coolest' OK
leet - 'evaluation' KO
	Unexpected behaviour : TypeError - "leet" not implemented
camelCase - 'toggleCase is the coolest' OK
leet - 'mon travail' KO
	Unexpected behaviour : TypeError - "leet" not implemented
leet - ' ' KO
	Unexpected behaviour : TypeError - "leet" not implemented
leet - 'null' KO
	Unexpected behaviour : TypeError - "leet" not implemented
leet - 'Object' KO
	Unexpected behaviour : TypeError - "leet" not implemented
camelCase - 'ToggleCase is the 3oolest' OK

Checking verlan
camelCase - 'ToggleCaseIsTheCoolest' OK
verlan - 'anaconda' OK
camelCase - 'ToggleCase is_the coolest' KO
	expected : "TogglecaseIsTheCoolest" - got "TogglecaseIs_theCoolest"
verlan - 'kayak' OK
verlan - 'yoda m Luke' OK
camelCase - ' toggleCase' OK
verlan - '70da m L(_)k3' OK
camelCase - 'null' OK
verlan - ' ' OK
verlan - 'null' OK
verlan - 'Object' OK
camelCase - 'Object' OK



Checking yodaChecking snake_case
yoda - 'anaconda' OK
snake_case - 'toggle case is the coolest' KO
	Unexpected behaviour : TypeError - "snake_case" not implemented
yoda - 'yoda m Luke' OK
yoda - 'Inverser la position des mots d’une phrase' OK
yoda - ' ' OK
snake_case - 'toggleCase is the coolest' KO
	Unexpected behaviour : TypeError - "snake_case" not implemented
yoda - 'null' OK
snake_case - 'ToggleCase is the 3oolest' KO
	Unexpected behaviour : TypeError - "snake_case" not implemented
snake_case - 'ToggleCaseIsTheCool3st' KO
	Unexpected behaviour : TypeError - "snake_case" not implemented
yoda - 'Object' OK

Checking vig
vig - 'anticonstitutionnellement - foo' KO
	Unexpected behaviour : TypeError - "vig" not implemented
vig - 'antiConstiTutioNnellement - foo' KO
	Unexpected behaviour : TypeError - "vig" not implemented
snake_case - 'ToggleCase is_the coolest' KO
	Unexpected behaviour : TypeError - "snake_case" not implemented
vig - 'une phrase tres tres longue mais qui ne veut absolument rien dire car c est juste un test - nawakdecheznawak' KO
	Unexpected behaviour : TypeError - "vig" not implemented
snake_case - ' toggleCase' KO
	Unexpected behaviour : TypeError - "snake_case" not implemented
vig - ' - test' KO
	Unexpected behaviour : TypeError - "vig" not implemented
snake_case - 'null' KO
	Unexpected behaviour : TypeError - "snake_case" not implemented
vig - 'null - test' KO
	Unexpected behaviour : TypeError - "vig" not implemented
vig - 'Object - test' KO
	Unexpected behaviour : TypeError - "vig" not implemented
snake_case - 'Object' KO
	Unexpected behaviour : TypeError - "snake_case" not implemented



Checking leetChecking prop_access
leet - 'anaconda' KO
	Unexpected behaviour : TypeError - "leet" not implemented
prop_access - 'path exist - value string' KO
	Unexpected behaviour : TypeError - "prop_access" not implemented
prop_access - 'path exist - value object' KO
	Unexpected behaviour : TypeError - "prop_access" not implemented
leet - 'anacoNDa' KO
	Unexpected behaviour : TypeError - "leet" not implemented
prop_access - 'path exist - value array' KO
	Unexpected behaviour : TypeError - "prop_access" not implemented
prop_access - 'path not exist' KO
	Unexpected behaviour : TypeError - "prop_access" not implemented
prop_access - 'path empty' KO
	Unexpected behaviour : TypeError - "prop_access" not implemented
prop_access - 'object null' KO
	Unexpected behaviour : TypeError - "prop_access" not implemented
leet - 'leet' KO
	Unexpected behaviour : TypeError - "leet" not implemented
prop_access - 'path null' KO
	Unexpected behaviour : TypeError - "prop_access" not implemented


leet - 'yoda' KO
	Unexpected behaviour : TypeError - "leet" not implemented
leet - 'evaluation' KO
	Unexpected behaviour : TypeError - "leet" not implemented
leet - 'mon travail' KO
	Unexpected behaviour : TypeError - "leet" not implemented
leet - ' ' KO
	Unexpected behaviour : TypeError - "leet" not implemented
leet - 'null' KO
	Unexpected behaviour : TypeError - "leet" not implemented
leet - 'Object' KO
	Unexpected behaviour : TypeError - "leet" not implemented

Checking verlan
verlan - 'anaconda' OK
verlan - 'kayak' OK
verlan - 'yoda m Luke' OK
verlan - '70da m L(_)k3' OK
verlan - ' ' OK
verlan - 'null' OK
verlan - 'Object' OK

Checking yoda
yoda - 'anaconda' OK
yoda - 'yoda m Luke' OK
yoda - 'Inverser la position des mots d’une phrase' OK