Loading script...

Starting tests...
Checking ucfirst
ucfirst - 'test' KO
	Unexpected behaviour : TypeError - "ucfirst" not implemented
ucfirst - ' test' KO
	Unexpected behaviour : TypeError - "ucfirst" not implemented
ucfirst - 'Test' KO
	Unexpected behaviour : TypeError - "ucfirst" not implemented
ucfirst - 'TEST' KO
	Unexpected behaviour : TypeError - "ucfirst" not implemented
ucfirst - 'null' KO
	Unexpected behaviour : TypeError - "ucfirst" not implemented
ucfirst - 'Object' KO
	Unexpected behaviour : TypeError - "ucfirst" not implemented

Checking capitalize
capitalize - 'test' KO
	expected : "Test" - got undefined
capitalize - ' test' KO
	expected : " Test" - got undefined
capitalize - 'ipsum DOLOR' KO
	expected : "Ipsum Dolor" - got undefined
capitalize - 'sit 8met consectetur' KO
	expected : "Sit 8met Consectetur" - got undefined
capitalize - '_dipiscing elit' KO
	expected : "_dipiscing Elit" - got undefined
capitalize - 'null' KO
	expected : "" - got undefined
capitalize - 'Object' KO
	expected : "" - got undefined

Checking camelCase
camelCase - 'toggle case is the coolest' KO
	expected : "ToggleCaseIsTheCoolest" - got undefined
camelCase - 'toggleCase is the coolest' KO
	expected : "TogglecaseIsTheCoolest" - got undefined
camelCase - 'ToggleCase is the 3oolest' KO
	expected : "TogglecaseIsThe3oolest" - got undefined
camelCase - 'ToggleCaseIsTheCoolest' KO
	expected : "Togglecaseisthecoolest" - got undefined
camelCase - 'ToggleCase is_the coolest' KO
	expected : "TogglecaseIsTheCoolest" - got undefined
camelCase - ' toggleCase' KO
	expected : "Togglecase" - got undefined
camelCase - 'null' KO
	expected : "" - got undefined
camelCase - 'Object' KO
	expected : "" - got undefined

Checking snake_case
snake_case - 'toggle case is the coolest' KO
	Unexpected behaviour : TypeError - "snake_case" not implemented
snake_case - 'toggleCase is the coolest' KO
	Unexpected behaviour : TypeError - "snake_case" not implemented
snake_case - 'ToggleCase is the 3oolest' KO
	Unexpected behaviour : TypeError - "snake_case" not implemented
snake_case - 'ToggleCaseIsTheCool3st' KO
	Unexpected behaviour : TypeError - "snake_case" not implemented
snake_case - 'ToggleCase is_the coolest' KO
	Unexpected behaviour : TypeError - "snake_case" not implemented
snake_case - ' toggleCase' KO
	Unexpected behaviour : TypeError - "snake_case" not implemented
snake_case - 'null' KO
	Unexpected behaviour : TypeError - "snake_case" not implemented
snake_case - 'Object' KO
	Unexpected behaviour : TypeError - "snake_case" not implemented

Checking leet
leet - 'anaconda' KO
	Unexpected behaviour : TypeError - "leet" not implemented
leet - 'anacoNDa' KO
	Unexpected behaviour : TypeError - "leet" not implemented
leet - 'leet' KO
	Unexpected behaviour : TypeError - "leet" not implemented
leet - 'yoda' KO
	Unexpected behaviour : TypeError - "leet" not implemented
leet - 'evaluation' KO
	Unexpected behaviour : TypeError - "leet" not implemented
leet - 'mon travail' KO
	Unexpected behaviour : TypeError - "leet" not implemented
leet - ' ' KO
	Unexpected behaviour : TypeError - "leet" not implemented
leet - 'null' KO
	Unexpected behaviour : TypeError - "leet" not implemented
leet - 'Object' KO
	Unexpected behaviour : TypeError - "leet" not implemented

Checking verlan
verlan - 'anaconda' KO
	Unexpected behaviour : TypeError - "verlan" not implemented
verlan - 'kayak' KO
	Unexpected behaviour : TypeError - "verlan" not implemented
verlan - 'yoda m Luke' KO
	Unexpected behaviour : TypeError - "verlan" not implemented
verlan - '70da m L(_)k3' KO
	Unexpected behaviour : TypeError - "verlan" not implemented
verlan - ' ' KO
	Unexpected behaviour : TypeError - "verlan" not implemented
verlan - 'null' KO
	Unexpected behaviour : TypeError - "verlan" not implemented
verlan - 'Object' KO
	Unexpected behaviour : TypeError - "verlan" not implemented

Checking yoda
yoda - 'anaconda' KO
	expected : "anaconda" - got undefined
yoda - 'yoda m Luke' KO
	expected : "Luke m yoda" - got undefined
yoda - 'Inverser la position des mots d’une phrase' KO
	expected : "phrase d’une mots des position la Inverser" - got undefined
yoda - ' ' KO
	expected : " " - got undefined
yoda - 'null' KO
	expected : "" - got undefined
yoda - 'Object' KO
	expected : "" - got undefined

Checking vig
vig - 'anticonstitutionnellement - foo' KO
	Unexpected behaviour : TypeError - "vig" not implemented
vig - 'antiConstiTutioNnellement - foo' KO
	Unexpected behaviour : TypeError - "vig" not implemented
vig - 'une phrase tres tres longue mais qui ne veut absolument rien dire car c est juste un test - nawakdecheznawak' KO
	Unexpected behaviour : TypeError - "vig" not implemented
vig - ' - test' KO
	Unexpected behaviour : TypeError - "vig" not implemented
vig - 'null - test' KO
	Unexpected behaviour : TypeError - "vig" not implemented
vig - 'Object - test' KO
	Unexpected behaviour : TypeError - "vig" not implemented

Checking prop_access
prop_access - 'path exist - value string' KO
	Unexpected behaviour : TypeError - "prop_access" not implemented
prop_access - 'path exist - value object' KO
	Unexpected behaviour : TypeError - "prop_access" not implemented
prop_access - 'path exist - value array' KO
	Unexpected behaviour : TypeError - "prop_access" not implemented
prop_access - 'path not exist' KO
	Unexpected behaviour : TypeError - "prop_access" not implemented
prop_access - 'path empty' KO
	Unexpected behaviour : TypeError - "prop_access" not implemented
prop_access - 'object null' KO
	Unexpected behaviour : TypeError - "prop_access" not implemented
prop_access - 'path null' KO
	Unexpected behaviour : TypeError - "prop_access" not implemented

