
leet - 'anaconda' OKLoading script...

leet - 'anacoNDa' OK
Tue Dec 17 2019 16:09:11 GMT+0000 (Coordinated Universal Time) - Starting tests...

leet - 'leet' OKChecking ucfirst
leet - 'yoda' OK
ucfirst - 'test' OK
leet - 'evaluation' OK
ucfirst - ' test' OK
leet - 'mon travail' OK
ucfirst - 'Test' OK
ucfirst - 'TEST' OK
leet - ' ' OK
ucfirst - 'null' OK
ucfirst - 'Object' OK

Checking capitalize
leet - 'null' OK
capitalize - 'test' OK
leet - 'Object' OK


capitalize - ' test' OKChecking verlan
capitalize - 'ipsum DOLOR' KO
	expected : "Ipsum Dolor" - got "Ipsum DOLOR"
verlan - 'anaconda' OK
capitalize - 'sit 8met consectetur' OK
verlan - 'kayak' OK
capitalize - '_dipiscing elit' OK
verlan - 'yoda m Luke' OK
capitalize - 'null' OK
capitalize - 'Object' OK
verlan - '70da m L(_)k3' OK


verlan - ' ' OKChecking camelCase
camelCase - 'toggle case is the coolest' OK
verlan - 'null' OK
camelCase - 'toggleCase is the coolest' KO
	expected : "TogglecaseIsTheCoolest" - got "ToggleCaseIsTheCoolest"
verlan - 'Object' OK
camelCase - 'ToggleCase is the 3oolest' KO
	expected : "TogglecaseIsThe3oolest" - got "ToggleCaseIsThe3oolest"


camelCase - 'ToggleCaseIsTheCoolest' KO
	expected : "Togglecaseisthecoolest" - got "ToggleCaseIsTheCoolest"Checking yoda
camelCase - 'ToggleCase is_the coolest' KO
	expected : "TogglecaseIsTheCoolest" - got "ToggleCaseIs_theCoolest"
yoda - 'anaconda' OK
camelCase - ' toggleCase' KO
	expected : "Togglecase" - got "ToggleCase"
yoda - 'yoda m Luke' OK
camelCase - 'null' OK
yoda - 'Inverser la position des mots d’une phrase' OK
camelCase - 'Object' OK
yoda - ' ' OK
yoda - 'null' OK

Checking snake_case
yoda - 'Object' OK
snake_case - 'toggle case is the coolest' OK

Checking vig
vig - 'anticonstitutionnellement - foo' KO
	expected : "fbhnqcsghnhiywcsbsqzsrsby" - got undefined
snake_case - 'toggleCase is the coolest' OK
snake_case - 'ToggleCase is the 3oolest' OK
vig - 'antiConstiTutioNnellement - foo' KO
	expected : "fbhnqcsghnhiywcsbsqzsrsby" - got undefined
snake_case - 'ToggleCaseIsTheCool3st' OK
snake_case - 'ToggleCase is_the coolest' OK
snake_case - ' toggleCase' OK
snake_case - 'null' OK
snake_case - 'Object' OK

Checking leet
leet - 'anaconda' OK
leet - 'anacoNDa' OK
leet - 'leet' OK
leet - 'yoda' OK
leet - 'evaluation' OK