Loading script...

Fri Nov 29 2019 10:51:55 GMT+0000 (Coordinated Universal Time) - Starting tests...
Checking ucfirst
ucfirst - 'test' OK
ucfirst - ' test' OK
ucfirst - 'Test' OK
ucfirst - 'TEST' OK
ucfirst - 'null' KO
	Unexpected behaviour : TypeError - Cannot read property '0' of null
ucfirst - 'Object' KO
	Unexpected behaviour : TypeError - Cannot read property 'toUpperCase' of undefined

Checking capitalize
capitalize - 'test' KO
	Unexpected behaviour : TypeError - "capitalize" not implemented
capitalize - ' test' KO
	Unexpected behaviour : TypeError - "capitalize" not implemented
capitalize - 'ipsum DOLOR' KO
	Unexpected behaviour : TypeError - "capitalize" not implemented
capitalize - 'sit 8met consectetur' KO
	Unexpected behaviour : TypeError - "capitalize" not implemented
capitalize - '_dipiscing elit' KO
	Unexpected behaviour : TypeError - "capitalize" not implemented
capitalize - 'null' KO
	Unexpected behaviour : TypeError - "capitalize" not implemented
capitalize - 'Object' KO
	Unexpected behaviour : TypeError - "capitalize" not implemented

Checking camelCase
camelCase - 'toggle case is the coolest' OK
camelCase - 'toggleCase is the coolest' OK
camelCase - 'ToggleCase is the 3oolest' OK
camelCase - 'ToggleCaseIsTheCoolest' OK
camelCase - 'ToggleCase is_the coolest' OK
camelCase - ' toggleCase' OK
camelCase - 'null' OK
camelCase - 'Object' OK

Checking snake_case
snake_case - 'toggle case is the coolest' KO
	Unexpected behaviour : TypeError - "snake_case" not implemented
snake_case - 'toggleCase is the coolest' KO
	Unexpected behaviour : TypeError - "snake_case" not implemented
snake_case - 'ToggleCase is the 3oolest' KO
	Unexpected behaviour : TypeError - "snake_case" not implemented
snake_case - 'ToggleCaseIsTheCool3st' KO
	Unexpected behaviour : TypeError - "snake_case" not implemented
snake_case - 'ToggleCase is_the coolest' KO
	Unexpected behaviour : TypeError - "snake_case" not implemented
snake_case - ' toggleCase' KO
	Unexpected behaviour : TypeError - "snake_case" not implemented
snake_case - 'null' KO
	Unexpected behaviour : TypeError - "snake_case" not implemented
snake_case - 'Object' KO
	Unexpected behaviour : TypeError - "snake_case" not implemented

Checking leet
leet - 'anaconda' KO
	Unexpected behaviour : TypeError - "leet" not implemented
leet - 'anacoNDa' KO
	Unexpected behaviour : TypeError - "leet" not implemented
leet - 'leet' KO
	Unexpected behaviour : TypeError - "leet" not implemented
leet - 'yoda' KO
	Unexpected behaviour : TypeError - "leet" not implemented
leet - 'evaluation' KO
	Unexpected behaviour : TypeError - "leet" not implemented
leet - 'mon travail' KO
	Unexpected behaviour : TypeError - "leet" not implemented
leet - ' ' KO
	Unexpected behaviour : TypeError - "leet" not implemented
leet - 'null' KO
	Unexpected behaviour : TypeError - "leet" not implemented
leet - 'Object' KO
	Unexpected behaviour : TypeError - "leet" not implemented

Checking verlan
verlan - 'anaconda' KO
	Unexpected behaviour : TypeError - "verlan" not implemented
verlan - 'kayak' KO
	Unexpected behaviour : TypeError - "verlan" not implemented
verlan - 'yoda m Luke' KO
	Unexpected behaviour : TypeError - "verlan" not implemented
verlan - '70da m L(_)k3' KO
	Unexpected behaviour : TypeError - "verlan" not implemented
verlan - ' ' KO
	Unexpected behaviour : TypeError - "verlan" not implemented
verlan - 'null' KO
	Unexpected behaviour : TypeError - "verlan" not implemented
verlan - 'Object' KO
	Unexpected behaviour : TypeError - "verlan" not implemented

Checking yoda
yoda - 'anaconda' KO
	Unexpected behaviour : TypeError - "yoda" not implemented
yoda - 'yoda m Luke' KO
	Unexpected behaviour : TypeError - "yoda" not implemented
yoda - 'Inverser la position des mots d’une phrase' KO
	Unexpected behaviour : TypeError - "yoda" not implemented
yoda - ' ' KO
	Unexpected behaviour : TypeError - "yoda" not implemented
yoda - 'null' KO
	Unexpected behaviour : TypeError - "yoda" not implemented
yoda - 'Object' KO
	Unexpected behaviour : TypeError - "yoda" not implemented

Checking vig
vig - 'anticonstitutionnellement - foo' KO
	Unexpected behaviour : TypeError - "vig" not implemented
vig - 'antiConstiTutioNnellement - foo' KO
	Unexpected behaviour : TypeError - "vig" not implemented
vig - 'une phrase tres tres longue mais qui ne veut absolument rien dire car c est juste un test - nawakdecheznawak' KO
	Unexpected behaviour : TypeError - "vig" not implemented
vig - ' - test' KO
	Unexpected behaviour : TypeError - "vig" not implemented
vig - 'null - test' KO
	Unexpected behaviour : TypeError - "vig" not implemented
vig - 'Object - test' KO
	Unexpected behaviour : TypeError - "vig" not implemented

Checking prop_access
prop_access - 'path exist - value string' KO
	expected : "dog" - got undefined
prop_access - 'path exist - value object' KO
	expected : {"name":"dog"} - got undefined
prop_access - 'path exist - value array' KO
	expected : {"name":"cat"} - got undefined
prop_access - 'path not exist' KO
	expected : animal.gender not exist - got null
prop_access - 'path empty' KO
	expected : {"animal":{"type":{"name":"dog"}}} - got undefined
prop_access - 'object null' KO
	expected : test not exist - got null
prop_access - 'path null' KO
	expected : {"animal":{"type":{"name":"dog"}}} - got undefined

