Loading script...

Wed Dec 18 2019 09:01:37 GMT+0000 (Coordinated Universal Time) - Starting tests...
Checking ucfirst
ucfirst - 'test' KO
	expected : "Test" - got undefined
ucfirst - ' test' KO
	expected : " test" - got undefined
ucfirst - 'Test' KO
	expected : "Test" - got undefined
ucfirst - 'TEST' KO
	expected : "TEST" - got undefined
ucfirst - 'null' KO
	Unexpected behaviour : TypeError - Cannot read property 'charAt' of null
ucfirst - 'Object' KO
	Unexpected behaviour : TypeError - mon_text.charAt is not a function

Checking capitalize
capitalize - 'test' KO
	Unexpected behaviour : TypeError - Cannot read property 'charAt' of undefined
capitalize - ' test' OK
capitalize - 'ipsum DOLOR' OK
capitalize - 'sit 8met consectetur' KO
	expected : "Sit 8met Consectetur" - got "Sit 8met"
capitalize - '_dipiscing elit' OK
capitalize - 'null' KO
	Unexpected behaviour : TypeError - Cannot read property 'split' of null
capitalize - 'Object' KO
	Unexpected behaviour : TypeError - mon_text.split is not a function