
leet - 'mon travail' OK
leet - ' ' OKLoading script...

leet - 'null' OK
Tue Dec 17 2019 16:08:26 GMT+0000 (Coordinated Universal Time) - Starting tests...
Checking ucfirst
leet - 'Object' OK

Checking verlan
verlan - 'anaconda' OK
ucfirst - 'test' OK
ucfirst - ' test' OK
verlan - 'kayak' OK
ucfirst - 'Test' OK
ucfirst - 'TEST' OK
ucfirst - 'null' OK
verlan - 'yoda m Luke' OK
ucfirst - 'Object' OK


verlan - '70da m L(_)k3' OKChecking capitalize
capitalize - 'test' OK
verlan - ' ' OK
capitalize - ' test' OK
capitalize - 'ipsum DOLOR' OK
capitalize - 'sit 8met consectetur' OK
capitalize - '_dipiscing elit' OK
capitalize - 'null' OK
verlan - 'null' OK
capitalize - 'Object' OK

Checking camelCase
camelCase - 'toggle case is the coolest' OK
camelCase - 'toggleCase is the coolest' OK
camelCase - 'ToggleCase is the 3oolest' OK
camelCase - 'ToggleCaseIsTheCoolest' OK
camelCase - 'ToggleCase is_the coolest' KO
	expected : "TogglecaseIsTheCoolest" - got "TogglecaseIs_theCoolest"
verlan - 'Object' OK
camelCase - ' toggleCase' OK

Checking yoda
camelCase - 'null' OK
camelCase - 'Object' OK

Checking snake_case
snake_case - 'toggle case is the coolest' OK
yoda - 'anaconda' OK
snake_case - 'toggleCase is the coolest' OK
snake_case - 'ToggleCase is the 3oolest' OK
snake_case - 'ToggleCaseIsTheCool3st' OK
yoda - 'yoda m Luke' OK
snake_case - 'ToggleCase is_the coolest' OK
snake_case - ' toggleCase' OK
yoda - 'Inverser la position des mots d’une phrase' OK
snake_case - 'null' OK
snake_case - 'Object' OK
yoda - ' ' OK


yoda - 'null' OKChecking leet
yoda - 'Object' OK
leet - 'anaconda' OK


leet - 'anacoNDa' OK
leet - 'leet' OKChecking vig
leet - 'yoda' OK
vig - 'anticonstitutionnellement - foo' KO
	Unexpected behaviour : ReferenceError - code is not defined
leet - 'evaluation' OK
vig - 'antiConstiTutioNnellement - foo' KO
	Unexpected behaviour : ReferenceError - code is not defined
leet - 'mon travail' OK
vig - 'une phrase tres tres longue mais qui ne veut absolument rien dire car c est juste un test - nawakdecheznawak' KO
	Unexpected behaviour : ReferenceError - code is not defined
vig - ' - test' KO
	Unexpected behaviour : ReferenceError - code is not defined
leet - ' ' OK
leet - 'null' OK
leet - 'Object' OK


vig - 'null - test' OKChecking verlan
vig - 'Object - test' OK
verlan - 'anaconda' OK


verlan - 'kayak' OKChecking prop_access
verlan - 'yoda m Luke' OK
verlan - '70da m L(_)k3' OK
prop_access - 'path exist - value string' OK
verlan - ' ' OK
prop_access - 'path exist - value object' OK
verlan - 'null' OK
prop_access - 'path exist - value array' OK
verlan - 'Object' OK
prop_access - 'path not exist' OK


prop_access - 'path empty' OKChecking yoda
prop_access - 'object null' OK
yoda - 'anaconda' OK
prop_access - 'path null' OK
yoda - 'yoda m Luke' OK


yoda - 'Inverser la position des mots d’une phrase' OK
yoda - ' ' OK
yoda - 'null' OK
yoda - 'Object' OK

Checking vig
vig - 'anticonstitutionnellement - foo' KO
	Unexpected behaviour : ReferenceError - code is not defined
vig - 'antiConstiTutioNnellement - foo' KO
	Unexpected behaviour : ReferenceError - code is not defined
vig - 'une phrase tres tres longue mais qui ne veut absolument rien dire car c est juste un test - nawakdecheznawak' KO
	Unexpected behaviour : ReferenceError - code is not defined
vig - ' - test' KO
	Unexpected behaviour : ReferenceError - code is not defined
vig - 'null - test' OK
vig - 'Object - test' OK

Checking prop_access
prop_access - 'path exist - value string' OK
prop_access - 'path exist - value object' OK
prop_access - 'path exist - value array' OK
prop_access - 'path not exist' OK
prop_access - 'path empty' OK
prop_access - 'object null' OK
prop_access - 'path null' OK

