Loading script...

Starting tests...
Checking ucfirst
ucfirst - 'test' OK
ucfirst - ' test' OK
ucfirst - 'Test' OK
ucfirst - 'TEST' OK
ucfirst - 'null' KO
	expected : "" - got undefined
ucfirst - 'Object' KO
	expected : "" - got undefined

Checking capitalize
capitalize - 'test' OK
capitalize - ' test' OK
capitalize - 'ipsum DOLOR' OK
capitalize - 'sit 8met consectetur' OK
capitalize - '_dipiscing elit' OK
capitalize - 'null' KO
	expected : "" - got undefined
capitalize - 'Object' KO
	expected : "" - got undefined

Checking camelCase
camelCase - 'toggle case is the coolest' KO
	Unexpected behaviour : TypeError - "camelCase" not implemented
camelCase - 'toggleCase is the coolest' KO
	Unexpected behaviour : TypeError - "camelCase" not implemented
camelCase - 'ToggleCase is the 3oolest' KO
	Unexpected behaviour : TypeError - "camelCase" not implemented
camelCase - 'ToggleCaseIsTheCoolest' KO
	Unexpected behaviour : TypeError - "camelCase" not implemented
camelCase - 'ToggleCase is_the coolest' KO
	Unexpected behaviour : TypeError - "camelCase" not implemented
camelCase - ' toggleCase' KO
	Unexpected behaviour : TypeError - "camelCase" not implemented
camelCase - 'null' KO
	Unexpected behaviour : TypeError - "camelCase" not implemented
camelCase - 'Object' KO
	Unexpected behaviour : TypeError - "camelCase" not implemented

Checking snake_case
snake_case - 'toggle case is the coolest' KO
	Unexpected behaviour : TypeError - "snake_case" not implemented
snake_case - 'toggleCase is the coolest' KO
	Unexpected behaviour : TypeError - "snake_case" not implemented
snake_case - 'ToggleCase is the 3oolest' KO
	Unexpected behaviour : TypeError - "snake_case" not implemented
snake_case - 'ToggleCaseIsTheCool3st' KO
	Unexpected behaviour : TypeError - "snake_case" not implemented
snake_case - 'ToggleCase is_the coolest' KO
	Unexpected behaviour : TypeError - "snake_case" not implemented
snake_case - ' toggleCase' KO
	Unexpected behaviour : TypeError - "snake_case" not implemented
snake_case - 'null' KO
	Unexpected behaviour : TypeError - "snake_case" not implemented
snake_case - 'Object' KO
	Unexpected behaviour : TypeError - "snake_case" not implemented

Checking leet
leet - 'anaconda' OK
leet - 'anacoNDa' OK
leet - 'leet' OK
leet - 'yoda' OK
leet - 'evaluation' OK
leet - 'mon travail' OK
leet - ' ' OK
leet - 'null' KO
	expected : "" - got undefined
leet - 'Object' KO
	expected : "" - got undefined

Checking verlan
verlan - 'anaconda' OK
verlan - 'kayak' OK
verlan - 'yoda m Luke' KO
	expected : "adoy m ekuL" - got "ekuL m adoy"
verlan - '70da m L(_)k3' KO
	expected : "ad07 m 3k)_(L" - got "3k)_(L m ad07"
verlan - ' ' OK
verlan - 'null' KO
	expected : "" - got undefined
verlan - 'Object' KO
	expected : "" - got undefined

Checking yoda
yoda - 'anaconda' KO
	Unexpected behaviour : TypeError - "yoda" not implemented
yoda - 'yoda m Luke' KO
	Unexpected behaviour : TypeError - "yoda" not implemented
yoda - 'Inverser la position des mots d’une phrase' KO
	Unexpected behaviour : TypeError - "yoda" not implemented
yoda - ' ' KO
	Unexpected behaviour : TypeError - "yoda" not implemented
yoda - 'null' KO
	Unexpected behaviour : TypeError - "yoda" not implemented
yoda - 'Object' KO
	Unexpected behaviour : TypeError - "yoda" not implemented

Checking vig
vig - 'anticonstitutionnellement - foo' KO
	Unexpected behaviour : TypeError - "vig" not implemented
vig - 'antiConstiTutioNnellement - foo' KO
	Unexpected behaviour : TypeError - "vig" not implemented
vig - 'une phrase tres tres longue mais qui ne veut absolument rien dire car c est juste un test - nawakdecheznawak' KO
	Unexpected behaviour : TypeError - "vig" not implemented
vig - ' - test' KO
	Unexpected behaviour : TypeError - "vig" not implemented
vig - 'null - test' KO
	Unexpected behaviour : TypeError - "vig" not implemented
vig - 'Object - test' KO
	Unexpected behaviour : TypeError - "vig" not implemented

Checking prop_access
prop_access - 'path exist - value string' OK
prop_access - 'path exist - value object' OK
prop_access - 'path exist - value array' OK
prop_access - 'path not exist' OK
prop_access - 'path empty' OK
prop_access - 'object null' KO
	expected : test not exist - got null
prop_access - 'path null' OK

