
camelCase - 'Object' OK

Checking snake_caseLoading script...

snake_case - 'toggle case is the coolest' OK
Tue Dec 17 2019 16:10:13 GMT+0000 (Coordinated Universal Time) - Starting tests...

snake_case - 'toggleCase is the coolest' OKChecking ucfirst
snake_case - 'ToggleCase is the 3oolest' OK
ucfirst - 'test' OK
snake_case - 'ToggleCaseIsTheCool3st' OK
ucfirst - ' test' OK
ucfirst - 'Test' OK
ucfirst - 'TEST' OK
ucfirst - 'null' OK
ucfirst - 'Object' OK

Checking capitalize
snake_case - 'ToggleCase is_the coolest' OK
capitalize - 'test' OK
snake_case - ' toggleCase' OK
capitalize - ' test' KO
	expected : " Test" - got "Test"
snake_case - 'null' OK
capitalize - 'ipsum DOLOR' OK
capitalize - 'sit 8met consectetur' OK
capitalize - '_dipiscing elit' OK
capitalize - 'null' OK
capitalize - 'Object' OK


snake_case - 'Object' OKChecking camelCase

Checking leet
camelCase - 'toggle case is the coolest' OK
leet - 'anaconda' OK
camelCase - 'toggleCase is the coolest' OK
camelCase - 'ToggleCase is the 3oolest' OK
leet - 'anacoNDa' OK
leet - 'leet' OK
camelCase - 'ToggleCaseIsTheCoolest' OK
leet - 'yoda' OK
camelCase - 'ToggleCase is_the coolest' OK
leet - 'evaluation' OK
camelCase - ' toggleCase' KO
	Unexpected behaviour : TypeError - Cannot read property 'toUpperCase' of undefined
leet - 'mon travail' OK
camelCase - 'null' OK
camelCase - 'Object' OK

Checking snake_case