Loading script...
Loading script...

Tue Dec 17 2019 16:11:16 GMT+0000 (Coordinated Universal Time) - Starting tests...
Checking ucfirst
ucfirst - 'test' OK
Tue Dec 17 2019 16:11:16 GMT+0000 (Coordinated Universal Time) - Starting tests...

ucfirst - ' test' OKChecking ucfirst
ucfirst - 'Test' OK
ucfirst - 'TEST' OK
ucfirst - 'null' OK
ucfirst - 'Object' OK


ucfirst - 'test' OKChecking capitalize
capitalize - 'test' OK
ucfirst - ' test' OK
ucfirst - 'Test' OK
capitalize - ' test' KO
	Unexpected behaviour : TypeError - Cannot read property 'toUpperCase' of undefined
capitalize - 'ipsum DOLOR' KO
	expected : "Ipsum Dolor" - got "Ipsum DOLOR"
ucfirst - 'TEST' OK
ucfirst - 'null' OK
capitalize - 'sit 8met consectetur' OK
ucfirst - 'Object' OK
capitalize - '_dipiscing elit' OK

Checking capitalize
capitalize - 'test' OK
capitalize - 'null' OK
capitalize - ' test' KO
	Unexpected behaviour : TypeError - Cannot read property 'toUpperCase' of undefined
capitalize - 'Object' OK
capitalize - 'ipsum DOLOR' KO
	expected : "Ipsum Dolor" - got "Ipsum DOLOR"


capitalize - 'sit 8met consectetur' OKChecking camelCase
capitalize - '_dipiscing elit' OK
camelCase - 'toggle case is the coolest' OK
capitalize - 'null' OK
capitalize - 'Object' OK
camelCase - 'toggleCase is the coolest' KO
	expected : "TogglecaseIsTheCoolest" - got "ToggleCaseIsTheCoolest"


camelCase - 'ToggleCase is the 3oolest' KO
	expected : "TogglecaseIsThe3oolest" - got "ToggleCaseIsThe3oolest"Checking camelCase
camelCase - 'toggle case is the coolest' OK
camelCase - 'toggleCase is the coolest' KO
	expected : "TogglecaseIsTheCoolest" - got "ToggleCaseIsTheCoolest"
camelCase - 'ToggleCase is the 3oolest' KO
	expected : "TogglecaseIsThe3oolest" - got "ToggleCaseIsThe3oolest"
camelCase - 'ToggleCaseIsTheCoolest' KO
	expected : "Togglecaseisthecoolest" - got "ToggleCaseIsTheCoolest"
camelCase - 'ToggleCaseIsTheCoolest' KO
	expected : "Togglecaseisthecoolest" - got "ToggleCaseIsTheCoolest"
camelCase - 'ToggleCase is_the coolest' KO
	expected : "TogglecaseIsTheCoolest" - got "ToggleCaseIs_theCoolest"
camelCase - 'ToggleCase is_the coolest' KO
	expected : "TogglecaseIsTheCoolest" - got "ToggleCaseIs_theCoolest"
camelCase - ' toggleCase' KO
	Unexpected behaviour : TypeError - Cannot read property 'toUpperCase' of undefined
camelCase - ' toggleCase' KO
	Unexpected behaviour : TypeError - Cannot read property 'toUpperCase' of undefined
camelCase - 'null' OK
camelCase - 'null' OK
camelCase - 'Object' OK


camelCase - 'Object' OKChecking snake_case


snake_case - 'toggle case is the coolest' OKChecking snake_case
snake_case - 'toggleCase is the coolest' OK
snake_case - 'toggle case is the coolest' OK
snake_case - 'toggleCase is the coolest' OK
snake_case - 'ToggleCase is the 3oolest' OK
snake_case - 'ToggleCase is the 3oolest' OK
snake_case - 'ToggleCaseIsTheCool3st' OK
snake_case - 'ToggleCaseIsTheCool3st' OK
snake_case - 'ToggleCase is_the coolest' OK
snake_case - ' toggleCase' OK
snake_case - 'ToggleCase is_the coolest' OK
snake_case - 'null' OK
snake_case - ' toggleCase' OK
snake_case - 'Object' OK
snake_case - 'null' OK


snake_case - 'Object' OK

Checking leetChecking leet
leet - 'anaconda' OK
leet - 'anaconda' OK
leet - 'anacoNDa' OK
leet - 'anacoNDa' OK
leet - 'leet' OK
leet - 'yoda' OK
leet - 'evaluation' OK
leet - 'mon travail' OK
leet - 'leet' OK
leet - ' ' OK
leet - 'yoda' OK
leet - 'evaluation' OK
leet - 'null' OK
leet - 'mon travail' OK
leet - ' ' OK
leet - 'null' OK
leet - 'Object' OK

Checking verlan