Loading script...

Starting tests...
Checking ucfirst
ucfirst - 'test' KO
	expected : "Test" - got "test"
ucfirst - ' test' OK
ucfirst - 'Test' OK
ucfirst - 'TEST' OK
ucfirst - 'null' OK
ucfirst - 'Object' OK

Checking capitalize
capitalize - 'test' KO
	expected : "Test" - got "test"
capitalize - ' test' KO
	expected : " Test" - got " test"
capitalize - 'ipsum DOLOR' KO
	expected : "Ipsum Dolor" - got "ipsum dolor"
capitalize - 'sit 8met consectetur' KO
	expected : "Sit 8met Consectetur" - got "sit 8met consectetur"
capitalize - '_dipiscing elit' KO
	expected : "_dipiscing Elit" - got "_dipiscing elit"
capitalize - 'null' OK
capitalize - 'Object' OK

Checking camelCase
camelCase - 'toggle case is the coolest' KO
	expected : "ToggleCaseIsTheCoolest" - got "togglecaseisthecoolest"
camelCase - 'toggleCase is the coolest' KO
	expected : "TogglecaseIsTheCoolest" - got "togglecaseisthecoolest"
camelCase - 'ToggleCase is the 3oolest' KO
	expected : "TogglecaseIsThe3oolest" - got "togglecaseisthe3oolest"
camelCase - 'ToggleCaseIsTheCoolest' KO
	expected : "Togglecaseisthecoolest" - got "togglecaseisthecoolest"
camelCase - 'ToggleCase is_the coolest' KO
	expected : "TogglecaseIsTheCoolest" - got "togglecaseisthecoolest"
camelCase - ' toggleCase' KO
	expected : "Togglecase" - got "togglecase"
camelCase - 'null' OK
camelCase - 'Object' OK

Checking snake_case
snake_case - 'toggle case is the coolest' OK
snake_case - 'toggleCase is the coolest' OK
snake_case - 'ToggleCase is the 3oolest' OK
snake_case - 'ToggleCaseIsTheCool3st' OK
snake_case - 'ToggleCase is_the coolest' OK
snake_case - ' toggleCase' KO
	expected : "_togglecase" - got "togglecase"
snake_case - 'null' OK
snake_case - 'Object' OK

Checking leet
leet - 'anaconda' OK
leet - 'anacoNDa' OK
leet - 'leet' OK
leet - 'yoda' OK
leet - 'evaluation' OK
leet - 'mon travail' OK
leet - ' ' OK
leet - 'null' OK
leet - 'Object' OK

Checking verlan
verlan - 'anaconda' OK
verlan - 'kayak' OK
verlan - 'yoda m Luke' OK
verlan - '70da m L(_)k3' OK
verlan - ' ' OK
verlan - 'null' OK
verlan - 'Object' OK

Checking yoda
yoda - 'anaconda' OK
yoda - 'yoda m Luke' OK
yoda - 'Inverser la position des mots d’une phrase' OK
yoda - ' ' OK
yoda - 'null' OK
yoda - 'Object' OK

Checking vig
vig - 'anticonstitutionnellement - foo' KO
	expected : "fbhnqcsghnhiywcsbsqzsrsby" - got "anticonstitutionnellement"
vig - 'antiConstiTutioNnellement - foo' KO
	expected : "fbhnqcsghnhiywcsbsqzsrsby" - got "antiConstiTutioNnellement"
vig - 'une phrase tres tres longue mais qui ne veut absolument rien dire car c est juste un test - nawakdecheznawak' KO
	expected : "hna prueul xqrs prof lknqxi ohmr due no ieqt kewqsylrnp rsrn zibh gcy g dft fucge qn dhwv" - got "une phrase tres tres longue mais qui ne veut absolument rien dire car c est juste un test"
vig - ' - test' OK
vig - 'null - test' KO
	Unexpected behaviour : TypeError - Cannot convert undefined or null to object
vig - 'Object - test' KO
	expected : "" - got {"foo":"data"}

Checking prop_access
prop_access - 'path exist - value string' OK
prop_access - 'path exist - value object' OK
prop_access - 'path exist - value array' OK
prop_access - 'path not exist' OK
prop_access - 'path empty' OK
prop_access - 'object null' KO
	expected : test not exist - got null not exist
prop_access - 'path null' OK

