Loading script...

Starting tests...
Checking type_check_v1
type_check_v1 - 'number' KO
	Unexpected behaviour : ReferenceError - object is not defined
type_check_v1 - 'StringNotNumber' KO
	Unexpected behaviour : ReferenceError - object is not defined
type_check_v1 - 'BooleanNotNumber' KO
	Unexpected behaviour : ReferenceError - object is not defined
type_check_v1 - 'object' KO
	Unexpected behaviour : ReferenceError - object is not defined
type_check_v1 - 'null' KO
	Unexpected behaviour : ReferenceError - object is not defined
type_check_v1 - 'nullNotObject' KO
	Unexpected behaviour : ReferenceError - object is not defined
type_check_v1 - 'undefined' KO
	Unexpected behaviour : ReferenceError - object is not defined
type_check_v1 - 'string' KO
	Unexpected behaviour : ReferenceError - object is not defined
type_check_v1 - 'array' KO
	Unexpected behaviour : ReferenceError - object is not defined
type_check_v1 - 'function' KO
	Unexpected behaviour : ReferenceError - object is not defined
type_check_v1 - 'arrayNotObject' KO
	Unexpected behaviour : ReferenceError - object is not defined

Checking type_check_v2
type_check_v2 - 'number' OK
type_check_v2 - 'numberNotValue' KO
	expected : false - got true
type_check_v2 - 'numberNotObject' KO
	expected : false - got true
type_check_v2 - 'stringEnum' KO
	expected : false - got true
type_check_v2 - 'objectMatch' OK
type_check_v2 - 'objectNotMatch' KO
	expected : false - got true

Checking type_check
type_check - 'number' KO
	Unexpected behaviour : TypeError - "type_check" not implemented
type_check - 'numberNotValue' KO
	Unexpected behaviour : TypeError - "type_check" not implemented
type_check - 'numberNotObject' KO
	Unexpected behaviour : TypeError - "type_check" not implemented
type_check - 'stringEnum' KO
	Unexpected behaviour : TypeError - "type_check" not implemented
type_check - 'objectMatch' KO
	Unexpected behaviour : TypeError - "type_check" not implemented
type_check - 'objectNotMatch' KO
	Unexpected behaviour : TypeError - "type_check" not implemented
type_check - 'objectSuperMatch' KO
	Unexpected behaviour : TypeError - "type_check" not implemented

