Loading script...

Fri Nov 29 2019 14:45:29 GMT+0000 (Coordinated Universal Time) - Starting tests...
Checking type_check_v1
type_check_v1 - 'number' OK
type_check_v1 - 'StringNotNumber' OK
type_check_v1 - 'BooleanNotNumber' OK
type_check_v1 - 'object' OK
type_check_v1 - 'null' KO
	Unexpected behaviour : TypeError - Cannot read property 'constructor' of null
type_check_v1 - 'nullNotObject' OK
type_check_v1 - 'undefined' KO
	Unexpected behaviour : TypeError - Cannot read property 'constructor' of null
type_check_v1 - 'string' OK
type_check_v1 - 'array' KO
	expected : true - got false
type_check_v1 - 'function' KO
	Unexpected behaviour : TypeError - Cannot read property 'constructor' of null
type_check_v1 - 'arrayNotObject' KO
	expected : false - got true

Checking type_check_v2
type_check_v2 - 'number' KO
	expected : true - got undefined
type_check_v2 - 'numberNotValue' KO
	expected : false - got undefined
type_check_v2 - 'numberNotObject' KO
	expected : false - got undefined
type_check_v2 - 'stringEnum' KO
	expected : false - got undefined
type_check_v2 - 'objectMatch' KO
	expected : true - got undefined
type_check_v2 - 'objectNotMatch' KO
	expected : false - got undefined

Checking type_check
type_check - 'number' KO
	Unexpected behaviour : TypeError - "type_check" not implemented
type_check - 'numberNotValue' KO
	Unexpected behaviour : TypeError - "type_check" not implemented
type_check - 'numberNotObject' KO
	Unexpected behaviour : TypeError - "type_check" not implemented
type_check - 'stringEnum' KO
	Unexpected behaviour : TypeError - "type_check" not implemented
type_check - 'objectMatch' KO
	Unexpected behaviour : TypeError - "type_check" not implemented
type_check - 'objectNotMatch' KO
	Unexpected behaviour : TypeError - "type_check" not implemented
type_check - 'objectSuperMatch' KO
	Unexpected behaviour : TypeError - "type_check" not implemented

