Loading script...
Loading script...

Fri Nov 29 2019 14:57:43 GMT+0000 (Coordinated Universal Time) - Starting tests...

Fri Nov 29 2019 14:57:43 GMT+0000 (Coordinated Universal Time) - Starting tests...
Checking type_check_v1Checking type_check_v1
type_check_v1 - 'number' OK
type_check_v1 - 'number' OK
type_check_v1 - 'StringNotNumber' OK
type_check_v1 - 'StringNotNumber' OK
type_check_v1 - 'BooleanNotNumber' OK
type_check_v1 - 'BooleanNotNumber' OK
type_check_v1 - 'object' OK
type_check_v1 - 'null' OK
type_check_v1 - 'object' OK
type_check_v1 - 'nullNotObject' OK
type_check_v1 - 'null' OK
type_check_v1 - 'undefined' KO
	expected : true - got false
type_check_v1 - 'nullNotObject' OK
type_check_v1 - 'string' OK
type_check_v1 - 'undefined' KO
	expected : true - got false
type_check_v1 - 'array' OK
type_check_v1 - 'string' OK
type_check_v1 - 'function' KO
	expected : true - got false
type_check_v1 - 'array' OK
type_check_v1 - 'arrayNotObject' KO
	expected : false - got true


type_check_v1 - 'function' KO
	expected : true - got falseChecking type_check_v2
type_check_v1 - 'arrayNotObject' KO
	expected : false - got true
type_check_v2 - 'number' KO
	expected : true - got false


type_check_v2 - 'numberNotValue' OKChecking type_check_v2
type_check_v2 - 'numberNotObject' OK
type_check_v2 - 'number' KO
	expected : true - got false
type_check_v2 - 'stringEnum' OK
type_check_v2 - 'numberNotValue' OK
type_check_v2 - 'objectMatch' OK
type_check_v2 - 'numberNotObject' OK
type_check_v2 - 'objectNotMatch' KO
	expected : false - got true
type_check_v2 - 'stringEnum' OK


type_check_v2 - 'objectMatch' OK
type_check_v2 - 'objectNotMatch' KO
	expected : false - got trueChecking type_check


type_check - 'number' KO
	expected : true - got undefinedChecking type_check
type_check - 'numberNotValue' KO
	expected : false - got undefined
type_check - 'number' KO
	expected : true - got undefined
type_check - 'numberNotObject' KO
	expected : false - got undefined
type_check - 'numberNotValue' KO
	expected : false - got undefined
type_check - 'numberNotObject' KO
	expected : false - got undefined
type_check - 'stringEnum' KO
	expected : false - got undefined
type_check - 'stringEnum' KO
	expected : false - got undefined
type_check - 'objectMatch' KO
	expected : true - got undefined
type_check - 'objectMatch' KO
	expected : true - got undefined
type_check - 'objectNotMatch' KO
	expected : false - got undefined
type_check - 'objectNotMatch' KO
	expected : false - got undefined
type_check - 'objectSuperMatch' KO
	expected : true - got undefined
type_check - 'objectSuperMatch' KO
	expected : true - got undefined



