Loading script...

Fri Nov 29 2019 14:12:13 GMT+0000 (Coordinated Universal Time) - Starting tests...
Checking type_check_v1
type_check_v1 - 'number' OK
type_check_v1 - 'StringNotNumber' KO
	expected : false - got "number"
type_check_v1 - 'BooleanNotNumber' KO
	expected : false - got "number"
type_check_v1 - 'object' OK
type_check_v1 - 'null' OK
type_check_v1 - 'nullNotObject' KO
	expected : false - got true
type_check_v1 - 'undefined' KO
	expected : true - got "undefined"
type_check_v1 - 'string' OK
type_check_v1 - 'array' OK
type_check_v1 - 'function' KO
	expected : true - got "function"
type_check_v1 - 'arrayNotObject' KO
	expected : false - got true

Checking type_check_v2
type_check_v2 - 'number' KO
	Unexpected behaviour : TypeError - "type_check_v2" not implemented
type_check_v2 - 'numberNotValue' KO
	Unexpected behaviour : TypeError - "type_check_v2" not implemented
type_check_v2 - 'numberNotObject' KO
	Unexpected behaviour : TypeError - "type_check_v2" not implemented
type_check_v2 - 'stringEnum' KO
	Unexpected behaviour : TypeError - "type_check_v2" not implemented
type_check_v2 - 'objectMatch' KO
	Unexpected behaviour : TypeError - "type_check_v2" not implemented
type_check_v2 - 'objectNotMatch' KO
	Unexpected behaviour : TypeError - "type_check_v2" not implemented

Checking type_check
type_check - 'number' KO
	Unexpected behaviour : TypeError - "type_check" not implemented
type_check - 'numberNotValue' KO
	Unexpected behaviour : TypeError - "type_check" not implemented
type_check - 'numberNotObject' KO
	Unexpected behaviour : TypeError - "type_check" not implemented
type_check - 'stringEnum' KO
	Unexpected behaviour : TypeError - "type_check" not implemented
type_check - 'objectMatch' KO
	Unexpected behaviour : TypeError - "type_check" not implemented
type_check - 'objectNotMatch' KO
	Unexpected behaviour : TypeError - "type_check" not implemented
type_check - 'objectSuperMatch' KO
	Unexpected behaviour : TypeError - "type_check" not implemented

