Loading script...

Wed Dec 18 2019 09:01:38 GMT+0000 (Coordinated Universal Time) - Starting tests...
Checking type_check_v1
type_check_v1 - 'number' OK
type_check_v1 - 'StringNotNumber' OK
type_check_v1 - 'BooleanNotNumber' OK
type_check_v1 - 'object' OK
type_check_v1 - 'null' OK
type_check_v1 - 'nullNotObject' OK
type_check_v1 - 'undefined' KO
	expected : true - got false
type_check_v1 - 'string' OK
type_check_v1 - 'array' OK
type_check_v1 - 'function' KO
	expected : true - got false
type_check_v1 - 'arrayNotObject' OK

Checking type_check_v2
type_check_v2 - 'number' OK
type_check_v2 - 'numberNotValue' OK
type_check_v2 - 'numberNotObject' OK
type_check_v2 - 'stringEnum' OK
type_check_v2 - 'objectMatch' KO
	expected : true - got false