Loading script...

Tue Dec 17 2019 16:11:24 GMT+0000 (Coordinated Universal Time) - Starting tests...
Checking type_check_v1
type_check_v1 - 'number' KO
	expected : true - got false
type_check_v1 - 'StringNotNumber' OK
type_check_v1 - 'BooleanNotNumber' OK
type_check_v1 - 'object' KO
	expected : true - got undefined
type_check_v1 - 'null' KO
	Unexpected behaviour : TypeError - Cannot convert undefined or null to object
type_check_v1 - 'nullNotObject' KO
	Unexpected behaviour : TypeError - Cannot convert undefined or null to object
type_check_v1 - 'undefined' KO
	Unexpected behaviour : TypeError - Cannot convert undefined or null to object
type_check_v1 - 'string' OK
type_check_v1 - 'array' OK
type_check_v1 - 'function' KO
	Unexpected behaviour : TypeError - Cannot convert undefined or null to object
type_check_v1 - 'arrayNotObject' OK

Checking type_check_v2