Loading script...

Fri Nov 29 2019 09:33:59 GMT+0000 (Coordinated Universal Time) - Starting tests...
Checking type_check_v1
type_check_v1 - 'number' KO
	Unexpected behaviour : TypeError - "type_check_v1" not implemented
type_check_v1 - 'StringNotNumber' KO
	Unexpected behaviour : TypeError - "type_check_v1" not implemented
type_check_v1 - 'BooleanNotNumber' KO
	Unexpected behaviour : TypeError - "type_check_v1" not implemented
type_check_v1 - 'object' KO
	Unexpected behaviour : TypeError - "type_check_v1" not implemented
type_check_v1 - 'null' KO
	Unexpected behaviour : TypeError - "type_check_v1" not implemented
type_check_v1 - 'nullNotObject' KO
	Unexpected behaviour : TypeError - "type_check_v1" not implemented
type_check_v1 - 'undefined' KO
	Unexpected behaviour : TypeError - "type_check_v1" not implemented
type_check_v1 - 'string' KO
	Unexpected behaviour : TypeError - "type_check_v1" not implemented
type_check_v1 - 'array' KO
	Unexpected behaviour : TypeError - "type_check_v1" not implemented
type_check_v1 - 'function' KO
	Unexpected behaviour : TypeError - "type_check_v1" not implemented
type_check_v1 - 'arrayNotObject' KO
	Unexpected behaviour : TypeError - "type_check_v1" not implemented

Checking type_check_v2
type_check_v2 - 'number' KO
	Unexpected behaviour : TypeError - "type_check_v2" not implemented
type_check_v2 - 'numberNotValue' KO
	Unexpected behaviour : TypeError - "type_check_v2" not implemented
type_check_v2 - 'numberNotObject' KO
	Unexpected behaviour : TypeError - "type_check_v2" not implemented
type_check_v2 - 'stringEnum' KO
	Unexpected behaviour : TypeError - "type_check_v2" not implemented
type_check_v2 - 'objectMatch' KO
	Unexpected behaviour : TypeError - "type_check_v2" not implemented
type_check_v2 - 'objectNotMatch' KO
	Unexpected behaviour : TypeError - "type_check_v2" not implemented

Checking type_check
type_check - 'number' KO
	expected : true - got false
type_check - 'numberNotValue' OK
type_check - 'numberNotObject' OK
type_check - 'stringEnum' OK
type_check - 'objectMatch' KO
	expected : true - got false
type_check - 'objectNotMatch' OK
type_check - 'objectSuperMatch' KO
	expected : true - got false

