Loading script...

Tue Dec 17 2019 16:08:15 GMT+0000 (Coordinated Universal Time) - Starting tests...
Checking type_check_v1
type_check_v1 - 'number' KO
	expected : true - got false
type_check_v1 - 'StringNotNumber' OK
type_check_v1 - 'BooleanNotNumber' OK
type_check_v1 - 'object' KO
	expected : true - got undefined
type_check_v1 - 'null' OK
type_check_v1 - 'nullNotObject' OK
type_check_v1 - 'undefined' KO
	expected : true - got false
type_check_v1 - 'string' OK
type_check_v1 - 'array' OK
type_check_v1 - 'function' KO
	expected : true - got false
type_check_v1 - 'arrayNotObject' OK

Checking type_check_v2
type_check_v2 - 'number' KO
	Unexpected behaviour : TypeError - conf is not a function
type_check_v2 - 'numberNotValue' KO
	Unexpected behaviour : TypeError - conf is not a function