Loading script...
Loading script...

Tue Dec 17 2019 16:10:21 GMT+0000 (Coordinated Universal Time) - Starting tests...

Tue Dec 17 2019 16:10:21 GMT+0000 (Coordinated Universal Time) - Starting tests...
Checking type_check_v1Checking type_check_v1
type_check_v1 - 'number' OK
type_check_v1 - 'StringNotNumber' OK
type_check_v1 - 'BooleanNotNumber' OK
type_check_v1 - 'object' OK
type_check_v1 - 'number' OK
type_check_v1 - 'null' OK
type_check_v1 - 'nullNotObject' OK
type_check_v1 - 'StringNotNumber' OK
type_check_v1 - 'undefined' KO
	expected : true - got false
type_check_v1 - 'BooleanNotNumber' OK
type_check_v1 - 'string' OK
type_check_v1 - 'object' OK
type_check_v1 - 'array' OK
type_check_v1 - 'function' KO
	expected : true - got false
type_check_v1 - 'null' OK
type_check_v1 - 'arrayNotObject' OK
type_check_v1 - 'nullNotObject' OK


type_check_v1 - 'undefined' KO
	expected : true - got falseChecking type_check_v2
type_check_v1 - 'string' OK
type_check_v2 - 'number' OK
type_check_v1 - 'array' OK
type_check_v1 - 'function' KO
	expected : true - got false
type_check_v1 - 'arrayNotObject' OK

Checking type_check_v2
type_check_v2 - 'numberNotValue' OK
type_check_v2 - 'number' OK
type_check_v2 - 'numberNotObject' OK
type_check_v2 - 'stringEnum' OK
type_check_v2 - 'numberNotValue' OK
type_check_v2 - 'objectMatch' OK
type_check_v2 - 'objectNotMatch' OK


type_check_v2 - 'numberNotObject' OKChecking type_check
type_check - 'number' KO
	expected : true - got false
type_check - 'numberNotValue' OK
type_check - 'numberNotObject' OK
type_check - 'stringEnum' OK
type_check - 'objectMatch' KO
	expected : true - got false
type_check_v2 - 'stringEnum' OK
type_check - 'objectNotMatch' OK
type_check - 'objectSuperMatch' OK


type_check_v2 - 'objectMatch' OK
type_check_v2 - 'objectNotMatch' OK

Checking type_check
type_check - 'number' KO
	expected : true - got false
type_check - 'numberNotValue' OK
type_check - 'numberNotObject' OK
type_check - 'stringEnum' OK
type_check - 'objectMatch' KO
	expected : true - got false
type_check - 'objectNotMatch' OK
type_check - 'objectSuperMatch' OK

