Loading script...

Tue Dec 17 2019 16:11:23 GMT+0000 (Coordinated Universal Time) - Starting tests...
Checking type_check_v1
type_check_v1 - 'number' OK
type_check_v1 - 'StringNotNumber' OK
type_check_v1 - 'BooleanNotNumber' OK
type_check_v1 - 'object' OK
type_check_v1 - 'null' KO
	expected : true - got false
type_check_v1 - 'nullNotObject' KO
	expected : false - got true
type_check_v1 - 'undefined' KO
	expected : true - got false
type_check_v1 - 'string' OK
type_check_v1 - 'array' KO
	expected : true - got false
type_check_v1 - 'function' KO
	expected : true - got false
type_check_v1 - 'arrayNotObject' KO
	expected : false - got true

Checking type_check_v2
type_check_v2 - 'number' KO
	Unexpected behaviour : TypeError - "type_check_v2" not implemented
type_check_v2 - 'numberNotValue' KO
	Unexpected behaviour : TypeError - "type_check_v2" not implemented