Loading script...

Wed Dec 18 2019 17:14:42 GMT+0000 (Coordinated Universal Time) - Starting tests...
Checking ucfirst
ucfirst - 'test' KO
	Unexpected behaviour : ReferenceError - str is not defined
ucfirst - ' test' KO
	Unexpected behaviour : ReferenceError - str is not defined
ucfirst - 'Test' KO
	Unexpected behaviour : ReferenceError - str is not defined
ucfirst - 'TEST' KO
	Unexpected behaviour : ReferenceError - str is not defined
ucfirst - 'null' KO
	Unexpected behaviour : ReferenceError - str is not defined
ucfirst - 'Object' KO
	Unexpected behaviour : ReferenceError - str is not defined

Checking capitalize
capitalize - 'test' KO
	Unexpected behaviour : TypeError - array[i].ucfirst is not a function
capitalize - ' test' KO
	Unexpected behaviour : TypeError - array[i].ucfirst is not a function
capitalize - 'ipsum DOLOR' KO
	Unexpected behaviour : TypeError - array[i].ucfirst is not a function
capitalize - 'sit 8met consectetur' KO
	Unexpected behaviour : TypeError - array[i].ucfirst is not a function
capitalize - '_dipiscing elit' KO
	Unexpected behaviour : TypeError - array[i].ucfirst is not a function
capitalize - 'null' KO
	Unexpected behaviour : TypeError - Cannot read property 'toLowerCase' of null
capitalize - 'Object' KO
	Unexpected behaviour : TypeError - str.toLowerCase is not a function

Checking camelCase
camelCase - 'toggle case is the coolest' KO
	Unexpected behaviour : TypeError - str.capitalize is not a function
camelCase - 'toggleCase is the coolest' KO
	Unexpected behaviour : TypeError - str.capitalize is not a function
camelCase - 'ToggleCase is the 3oolest' KO
	Unexpected behaviour : TypeError - str.capitalize is not a function
camelCase - 'ToggleCaseIsTheCoolest' KO
	Unexpected behaviour : TypeError - str.capitalize is not a function
camelCase - 'ToggleCase is_the coolest' KO
	Unexpected behaviour : TypeError - str.capitalize is not a function
camelCase - ' toggleCase' KO
	Unexpected behaviour : TypeError - str.capitalize is not a function
camelCase - 'null' KO
	Unexpected behaviour : TypeError - Cannot read property 'capitalize' of null
camelCase - 'Object' KO
	Unexpected behaviour : TypeError - str.capitalize is not a function

Checking snake_case
snake_case - 'toggle case is the coolest' OK
snake_case - 'toggleCase is the coolest' OK
snake_case - 'ToggleCase is the 3oolest' OK
snake_case - 'ToggleCaseIsTheCool3st' OK
snake_case - 'ToggleCase is_the coolest' OK
snake_case - ' toggleCase' OK
snake_case - 'null' KO
	Unexpected behaviour : TypeError - Cannot read property 'toLowerCase' of null
snake_case - 'Object' KO
	Unexpected behaviour : TypeError - str.toLowerCase is not a function

Checking leet
leet - 'anaconda' OK
leet - 'anacoNDa' OK
leet - 'leet' OK
leet - 'yoda' OK
leet - 'evaluation' OK
leet - 'mon travail' OK
leet - ' ' OK
leet - 'null' KO
	Unexpected behaviour : TypeError - Cannot read property 'length' of null
leet - 'Object' OK

Checking verlan
verlan - 'anaconda' OK
verlan - 'kayak' OK
verlan - 'yoda m Luke' OK
verlan - '70da m L(_)k3' OK
verlan - ' ' OK
verlan - 'null' KO
	Unexpected behaviour : TypeError - Cannot read property 'split' of null
verlan - 'Object' KO
	Unexpected behaviour : TypeError - str.split is not a function

Checking yoda
yoda - 'anaconda' OK
yoda - 'yoda m Luke' OK
yoda - 'Inverser la position des mots d’une phrase' OK
yoda - ' ' OK
yoda - 'null' KO
	Unexpected behaviour : TypeError - Cannot read property 'split' of null
yoda - 'Object' KO
	Unexpected behaviour : TypeError - str.split is not a function

Checking vig
vig - 'anticonstitutionnellement - foo' KO
	Unexpected behaviour : ReferenceError - isString is not defined
vig - 'antiConstiTutioNnellement - foo' KO
	Unexpected behaviour : ReferenceError - isString is not defined
vig - 'une phrase tres tres longue mais qui ne veut absolument rien dire car c est juste un test - nawakdecheznawak' KO
	Unexpected behaviour : ReferenceError - isString is not defined
vig - ' - test' KO
	Unexpected behaviour : ReferenceError - isString is not defined
vig - 'null - test' KO
	Unexpected behaviour : ReferenceError - isString is not defined
vig - 'Object - test' KO
	Unexpected behaviour : ReferenceError - isString is not defined

Checking prop_access
prop_access - 'path exist - value string' OK
prop_access - 'path exist - value object' OK
prop_access - 'path exist - value array' OK
prop_access - 'path not exist' KO
	expected : animal.gender not exist - got null
prop_access - 'path empty' OK
prop_access - 'object null' KO
	expected : test not exist - got null
prop_access - 'path null' KO
	expected : {"animal":{"type":{"name":"dog"}}} - got ""

