Loading script...

Starting tests...
Checking ucfirst
ucfirst - 'test' OK
ucfirst - ' test' OK
ucfirst - 'Test' OK
ucfirst - 'TEST' OK
ucfirst - 'null' KO
	Unexpected behaviour : TypeError - Cannot read property '0' of null
ucfirst - 'Object' KO
	Unexpected behaviour : TypeError - Cannot read property 'toUpperCase' of undefined

Checking capitalize
capitalize - 'test' OK
capitalize - ' test' KO
	Unexpected behaviour : TypeError - Cannot read property 'toUpperCase' of undefined
capitalize - 'ipsum DOLOR' KO
	expected : "Ipsum Dolor" - got "Ipsum DOLOR"
capitalize - 'sit 8met consectetur' OK
capitalize - '_dipiscing elit' OK
capitalize - 'null' KO
	Unexpected behaviour : TypeError - Cannot read property 'length' of null
capitalize - 'Object' KO
	expected : "" - got undefined

Checking camelCase
camelCase - 'toggle case is the coolest' KO
	expected : "ToggleCaseIsTheCoolest" - got undefined
camelCase - 'toggleCase is the coolest' KO
	expected : "TogglecaseIsTheCoolest" - got undefined
camelCase - 'ToggleCase is the 3oolest' KO
	expected : "TogglecaseIsThe3oolest" - got undefined
camelCase - 'ToggleCaseIsTheCoolest' KO
	expected : "Togglecaseisthecoolest" - got undefined
camelCase - 'ToggleCase is_the coolest' KO
	expected : "TogglecaseIsTheCoolest" - got undefined
camelCase - ' toggleCase' KO
	Unexpected behaviour : TypeError - Cannot read property 'toUpperCase' of undefined
camelCase - 'null' KO
	Unexpected behaviour : TypeError - Cannot read property 'length' of null
camelCase - 'Object' KO
	Unexpected behaviour : TypeError - Cannot read property 'split' of undefined

Checking snake_case
snake_case - 'toggle case is the coolest' KO
	Unexpected behaviour : TypeError - "snake_case" not implemented
snake_case - 'toggleCase is the coolest' KO
	Unexpected behaviour : TypeError - "snake_case" not implemented
snake_case - 'ToggleCase is the 3oolest' KO
	Unexpected behaviour : TypeError - "snake_case" not implemented
snake_case - 'ToggleCaseIsTheCool3st' KO
	Unexpected behaviour : TypeError - "snake_case" not implemented
snake_case - 'ToggleCase is_the coolest' KO
	Unexpected behaviour : TypeError - "snake_case" not implemented
snake_case - ' toggleCase' KO
	Unexpected behaviour : TypeError - "snake_case" not implemented
snake_case - 'null' KO
	Unexpected behaviour : TypeError - "snake_case" not implemented
snake_case - 'Object' KO
	Unexpected behaviour : TypeError - "snake_case" not implemented

Checking leet
leet - 'anaconda' KO
	expected : "4n4c0nd4" - got undefined
leet - 'anacoNDa' KO
	expected : "4n4c0ND4" - got undefined
leet - 'leet' KO
	expected : "l33t" - got undefined
leet - 'yoda' KO
	expected : "70d4" - got undefined
leet - 'evaluation' KO
	expected : "3v4l(_)4t10n" - got undefined
leet - 'mon travail' KO
	expected : "m0n tr4v41l" - got undefined
leet - ' ' KO
	expected : " " - got undefined
leet - 'null' KO
	Unexpected behaviour : TypeError - Cannot read property 'toLowerCase' of null
leet - 'Object' KO
	Unexpected behaviour : TypeError - str3.toLowerCase is not a function

Checking verlan
verlan - 'anaconda' KO
	expected : "adnocana" - got undefined
verlan - 'kayak' KO
	expected : "kayak" - got undefined
verlan - 'yoda m Luke' KO
	expected : "adoy m ekuL" - got undefined
verlan - '70da m L(_)k3' KO
	expected : "ad07 m 3k)_(L" - got undefined
verlan - ' ' KO
	expected : " " - got undefined
verlan - 'null' KO
	Unexpected behaviour : TypeError - Cannot read property 'length' of null
verlan - 'Object' KO
	expected : "" - got undefined

Checking yoda
yoda - 'anaconda' KO
	expected : "anaconda" - got undefined
yoda - 'yoda m Luke' KO
	expected : "Luke m yoda" - got undefined
yoda - 'Inverser la position des mots d’une phrase' KO
	expected : "phrase d’une mots des position la Inverser" - got undefined
yoda - ' ' KO
	expected : " " - got undefined
yoda - 'null' KO
	expected : "" - got undefined
yoda - 'Object' KO
	expected : "" - got undefined

Checking vig
vig - 'anticonstitutionnellement - foo' OK
vig - 'antiConstiTutioNnellement - foo' KO
	expected : "fbhnqcsghnhiywcsbsqzsrsby" - got "fbhnncsghnniywcebsqzsrsby"
vig - 'une phrase tres tres longue mais qui ne veut absolument rien dire car c est juste un test - nawakdecheznawak' KO
	expected : "hna prueul xqrs prof lknqxi ohmr due no ieqt kewqsylrnp rsrn zibh gcy g dft fucge qn dhwv" - got "hnaundefinedzkvcziygrasjgrasjospnydmmwicmqqijqibcitgundefinedwbcblqmoqxbymdaundefinedzibrundefinedyabcgblwsmjqsdrundefinedqnjwiua"
vig - ' - test' KO
	expected : " " - got "s"
vig - 'null - test' KO
	Unexpected behaviour : TypeError - Cannot read property 'length' of null
vig - 'Object - test' OK

Checking prop_access
prop_access - 'path exist - value string' KO
	expected : "dog" - got undefined
prop_access - 'path exist - value object' KO
	expected : {"name":"dog"} - got undefined
prop_access - 'path exist - value array' KO
	expected : {"name":"cat"} - got undefined
prop_access - 'path not exist' KO
	expected : animal.gender not exist - got null
prop_access - 'path empty' KO
	expected : {"animal":{"type":{"name":"dog"}}} - got undefined
prop_access - 'object null' KO
	expected : test not exist - got null
prop_access - 'path null' KO
	expected : {"animal":{"type":{"name":"dog"}}} - got undefined

