Loading script...

Starting tests...
Checking ucfirst
ucfirst - 'test' OK
ucfirst - ' test' OK
ucfirst - 'Test' OK
ucfirst - 'TEST' OK
ucfirst - 'null' KO
	Unexpected behaviour : TypeError - Cannot read property 'charAt' of null
ucfirst - 'Object' KO
	Unexpected behaviour : TypeError - string.charAt is not a function

Checking capitalize
capitalize - 'test' KO
	Unexpected behaviour : ReferenceError - myVar is not defined
capitalize - ' test' KO
	Unexpected behaviour : ReferenceError - myVar is not defined
capitalize - 'ipsum DOLOR' KO
	Unexpected behaviour : ReferenceError - myVar is not defined
capitalize - 'sit 8met consectetur' KO
	Unexpected behaviour : ReferenceError - myVar is not defined
capitalize - '_dipiscing elit' KO
	Unexpected behaviour : ReferenceError - myVar is not defined
capitalize - 'null' KO
	Unexpected behaviour : ReferenceError - myVar is not defined
capitalize - 'Object' KO
	Unexpected behaviour : ReferenceError - myVar is not defined

Checking camelCase
camelCase - 'toggle case is the coolest' OK
camelCase - 'toggleCase is the coolest' KO
	expected : "TogglecaseIsTheCoolest" - got "ToggleCaseIsTheCoolest"
camelCase - 'ToggleCase is the 3oolest' KO
	expected : "TogglecaseIsThe3oolest" - got "ToggleCaseIsThe3oolest"
camelCase - 'ToggleCaseIsTheCoolest' KO
	expected : "Togglecaseisthecoolest" - got "ToggleCaseIsTheCoolest"
camelCase - 'ToggleCase is_the coolest' KO
	expected : "TogglecaseIsTheCoolest" - got "ToggleCaseIs_theCoolest"
camelCase - ' toggleCase' KO
	expected : "Togglecase" - got "ToggleCase"
camelCase - 'null' OK
camelCase - 'Object' OK

Checking snake_case
snake_case - 'toggle case is the coolest' OK
snake_case - 'toggleCase is the coolest' OK
snake_case - 'ToggleCase is the 3oolest' OK
snake_case - 'ToggleCaseIsTheCool3st' OK
snake_case - 'ToggleCase is_the coolest' OK
snake_case - ' toggleCase' OK
snake_case - 'null' OK
snake_case - 'Object' OK

Checking leet
leet - 'anaconda' OK
leet - 'anacoNDa' OK
leet - 'leet' OK
leet - 'yoda' OK
leet - 'evaluation' OK
leet - 'mon travail' OK
leet - ' ' OK
leet - 'null' OK
leet - 'Object' OK

Checking verlan
verlan - 'anaconda' KO
	expected : "adnocana" - got undefined
verlan - 'kayak' KO
	expected : "kayak" - got undefined
verlan - 'yoda m Luke' KO
	expected : "adoy m ekuL" - got undefined
verlan - '70da m L(_)k3' KO
	expected : "ad07 m 3k)_(L" - got undefined
verlan - ' ' KO
	expected : " " - got undefined
verlan - 'null' KO
	Unexpected behaviour : TypeError - Cannot read property 'split' of null
verlan - 'Object' KO
	Unexpected behaviour : TypeError - string.split is not a function

Checking yoda
yoda - 'anaconda' KO
	Unexpected behaviour : TypeError - "yoda" not implemented
yoda - 'yoda m Luke' KO
	Unexpected behaviour : TypeError - "yoda" not implemented
yoda - 'Inverser la position des mots d’une phrase' KO
	Unexpected behaviour : TypeError - "yoda" not implemented
yoda - ' ' KO
	Unexpected behaviour : TypeError - "yoda" not implemented
yoda - 'null' KO
	Unexpected behaviour : TypeError - "yoda" not implemented
yoda - 'Object' KO
	Unexpected behaviour : TypeError - "yoda" not implemented

Checking vig
vig - 'anticonstitutionnellement - foo' KO
	Unexpected behaviour : TypeError - "vig" not implemented
vig - 'antiConstiTutioNnellement - foo' KO
	Unexpected behaviour : TypeError - "vig" not implemented
vig - 'une phrase tres tres longue mais qui ne veut absolument rien dire car c est juste un test - nawakdecheznawak' KO
	Unexpected behaviour : TypeError - "vig" not implemented
vig - ' - test' KO
	Unexpected behaviour : TypeError - "vig" not implemented
vig - 'null - test' KO
	Unexpected behaviour : TypeError - "vig" not implemented
vig - 'Object - test' KO
	Unexpected behaviour : TypeError - "vig" not implemented

Checking prop_access
prop_access - 'path exist - value string' KO
	Unexpected behaviour : TypeError - "prop_access" not implemented
prop_access - 'path exist - value object' KO
	Unexpected behaviour : TypeError - "prop_access" not implemented
prop_access - 'path exist - value array' KO
	Unexpected behaviour : TypeError - "prop_access" not implemented
prop_access - 'path not exist' KO
	Unexpected behaviour : TypeError - "prop_access" not implemented
prop_access - 'path empty' KO
	Unexpected behaviour : TypeError - "prop_access" not implemented
prop_access - 'object null' KO
	Unexpected behaviour : TypeError - "prop_access" not implemented
prop_access - 'path null' KO
	Unexpected behaviour : TypeError - "prop_access" not implemented

