Loading script...

Starting tests...
Checking ucfirst
ucfirst - 'test' OK
ucfirst - ' test' OK
ucfirst - 'Test' OK
ucfirst - 'TEST' OK
ucfirst - 'null' KO
	Unexpected behaviour : TypeError - Cannot read property 'ucfirst' of null
ucfirst - 'Object' KO
	Unexpected behaviour : TypeError - "ucfirst" not implemented

Checking capitalize
capitalize - 'test' KO
	expected : "Test" - got ""
capitalize - ' test' KO
	expected : " Test" - got " "
capitalize - 'ipsum DOLOR' KO
	expected : "Ipsum Dolor" - got " "
capitalize - 'sit 8met consectetur' KO
	expected : "Sit 8met Consectetur" - got "  "
capitalize - '_dipiscing elit' KO
	expected : "_dipiscing Elit" - got " "
capitalize - 'null' KO
	Unexpected behaviour : TypeError - Cannot read property 'capitalize' of null
capitalize - 'Object' KO
	Unexpected behaviour : TypeError - "capitalize" not implemented

Checking camelCase
camelCase - 'toggle case is the coolest' KO
	expected : "ToggleCaseIsTheCoolest" - got ""
camelCase - 'toggleCase is the coolest' KO
	expected : "TogglecaseIsTheCoolest" - got ""
camelCase - 'ToggleCase is the 3oolest' KO
	expected : "TogglecaseIsThe3oolest" - got ""
camelCase - 'ToggleCaseIsTheCoolest' KO
	expected : "Togglecaseisthecoolest" - got ""
camelCase - 'ToggleCase is_the coolest' KO
	expected : "TogglecaseIsTheCoolest" - got ""
camelCase - ' toggleCase' KO
	expected : "Togglecase" - got ""
camelCase - 'null' KO
	Unexpected behaviour : TypeError - Cannot read property 'camelCase' of null
camelCase - 'Object' KO
	Unexpected behaviour : TypeError - "camelCase" not implemented

Checking snake_case
snake_case - 'toggle case is the coolest' OK
snake_case - 'toggleCase is the coolest' OK
snake_case - 'ToggleCase is the 3oolest' OK
snake_case - 'ToggleCaseIsTheCool3st' OK
snake_case - 'ToggleCase is_the coolest' OK
snake_case - ' toggleCase' OK
snake_case - 'null' KO
	Unexpected behaviour : TypeError - Cannot read property 'snake_case' of null
snake_case - 'Object' KO
	Unexpected behaviour : TypeError - "snake_case" not implemented

Checking leet
leet - 'anaconda' KO
	expected : "4n4c0nd4" - got "anaconda"
leet - 'anacoNDa' KO
	expected : "4n4c0ND4" - got "anacoNDa"
leet - 'leet' KO
	expected : "l33t" - got "leet"
leet - 'yoda' KO
	expected : "70d4" - got "yoda"
leet - 'evaluation' KO
	expected : "3v4l(_)4t10n" - got "evaluation"
leet - 'mon travail' KO
	expected : "m0n tr4v41l" - got "mon travail"
leet - ' ' OK
leet - 'null' KO
	Unexpected behaviour : TypeError - Cannot read property 'leet' of null
leet - 'Object' KO
	Unexpected behaviour : TypeError - "leet" not implemented

Checking verlan
verlan - 'anaconda' KO
	Unexpected behaviour : TypeError - "verlan" not implemented
verlan - 'kayak' KO
	Unexpected behaviour : TypeError - "verlan" not implemented
verlan - 'yoda m Luke' KO
	Unexpected behaviour : TypeError - "verlan" not implemented
verlan - '70da m L(_)k3' KO
	Unexpected behaviour : TypeError - "verlan" not implemented
verlan - ' ' KO
	Unexpected behaviour : TypeError - "verlan" not implemented
verlan - 'null' KO
	Unexpected behaviour : TypeError - Cannot read property 'verlan' of null
verlan - 'Object' KO
	Unexpected behaviour : TypeError - "verlan" not implemented

Checking yoda
yoda - 'anaconda' KO
	Unexpected behaviour : TypeError - "yoda" not implemented
yoda - 'yoda m Luke' KO
	Unexpected behaviour : TypeError - "yoda" not implemented
yoda - 'Inverser la position des mots d’une phrase' KO
	Unexpected behaviour : TypeError - "yoda" not implemented
yoda - ' ' KO
	Unexpected behaviour : TypeError - "yoda" not implemented
yoda - 'null' KO
	Unexpected behaviour : TypeError - Cannot read property 'yoda' of null
yoda - 'Object' KO
	Unexpected behaviour : TypeError - "yoda" not implemented

Checking vig
vig - 'anticonstitutionnellement - foo' KO
	Unexpected behaviour : TypeError - "vig" not implemented
vig - 'antiConstiTutioNnellement - foo' KO
	Unexpected behaviour : TypeError - "vig" not implemented
vig - 'une phrase tres tres longue mais qui ne veut absolument rien dire car c est juste un test - nawakdecheznawak' KO
	Unexpected behaviour : TypeError - "vig" not implemented
vig - ' - test' KO
	Unexpected behaviour : TypeError - "vig" not implemented
vig - 'null - test' KO
	Unexpected behaviour : TypeError - Cannot read property 'vig' of null
vig - 'Object - test' KO
	Unexpected behaviour : TypeError - "vig" not implemented

Checking prop_access
prop_access - 'path exist - value string' KO
	Unexpected behaviour : TypeError - Cannot read property 'split' of undefined
prop_access - 'path exist - value object' KO
	Unexpected behaviour : TypeError - Cannot read property 'split' of undefined
prop_access - 'path exist - value array' KO
	Unexpected behaviour : TypeError - Cannot read property 'split' of undefined
prop_access - 'path not exist' KO
	Unexpected behaviour : TypeError - Cannot read property 'split' of undefined
prop_access - 'path empty' KO
	Unexpected behaviour : TypeError - Cannot read property 'split' of undefined
prop_access - 'object null' KO
	Unexpected behaviour : TypeError - Cannot read property 'prop_access' of null
prop_access - 'path null' KO
	Unexpected behaviour : TypeError - Cannot read property 'split' of undefined

