Loading script...

Starting tests...
Checking ucfirst
ucfirst - 'test' OK
ucfirst - ' test' OK
ucfirst - 'Test' OK
ucfirst - 'TEST' OK
ucfirst - 'null' KO
	Unexpected behaviour : TypeError - Cannot read property 'charAt' of null
ucfirst - 'Object' KO
	Unexpected behaviour : TypeError - entry.charAt is not a function

Checking capitalize
capitalize - 'test' KO
	expected : "Test" - got undefined
capitalize - ' test' KO
	expected : " Test" - got undefined
capitalize - 'ipsum DOLOR' KO
	expected : "Ipsum Dolor" - got undefined
capitalize - 'sit 8met consectetur' KO
	expected : "Sit 8met Consectetur" - got undefined
capitalize - '_dipiscing elit' KO
	expected : "_dipiscing Elit" - got undefined
capitalize - 'null' KO
	expected : "" - got undefined
capitalize - 'Object' KO
	expected : "" - got undefined

Checking camelCase
camelCase - 'toggle case is the coolest' KO
	expected : "ToggleCaseIsTheCoolest" - got undefined
camelCase - 'toggleCase is the coolest' KO
	expected : "TogglecaseIsTheCoolest" - got undefined
camelCase - 'ToggleCase is the 3oolest' KO
	expected : "TogglecaseIsThe3oolest" - got undefined
camelCase - 'ToggleCaseIsTheCoolest' KO
	expected : "Togglecaseisthecoolest" - got undefined
camelCase - 'ToggleCase is_the coolest' KO
	expected : "TogglecaseIsTheCoolest" - got undefined
camelCase - ' toggleCase' KO
	expected : "Togglecase" - got undefined
camelCase - 'null' OK
camelCase - 'Object' OK

Checking snake_case
snake_case - 'toggle case is the coolest' OK
snake_case - 'toggleCase is the coolest' OK
snake_case - 'ToggleCase is the 3oolest' OK
snake_case - 'ToggleCaseIsTheCool3st' OK
snake_case - 'ToggleCase is_the coolest' OK
snake_case - ' toggleCase' OK
snake_case - 'null' KO
	Unexpected behaviour : TypeError - Cannot read property 'toLowerCase' of null
snake_case - 'Object' KO
	Unexpected behaviour : TypeError - entry.toLowerCase is not a function

Checking leet
leet - 'anaconda' KO
	expected : "4n4c0nd4" - got undefined
leet - 'anacoNDa' KO
	expected : "4n4c0ND4" - got undefined
leet - 'leet' KO
	expected : "l33t" - got undefined
leet - 'yoda' KO
	expected : "70d4" - got undefined
leet - 'evaluation' KO
	expected : "3v4l(_)4t10n" - got undefined
leet - 'mon travail' KO
	expected : "m0n tr4v41l" - got undefined
leet - ' ' KO
	expected : " " - got undefined
leet - 'null' KO
	Unexpected behaviour : TypeError - Cannot read property 'replace' of null
leet - 'Object' KO
	Unexpected behaviour : TypeError - entry.replace is not a function

Checking verlan
verlan - 'anaconda' OK
verlan - 'kayak' OK
verlan - 'yoda m Luke' OK
verlan - '70da m L(_)k3' OK
verlan - ' ' OK
verlan - 'null' KO
	Unexpected behaviour : TypeError - Cannot read property 'split' of null
verlan - 'Object' KO
	Unexpected behaviour : TypeError - entry.split is not a function

Checking yoda
yoda - 'anaconda' OK
yoda - 'yoda m Luke' OK
yoda - 'Inverser la position des mots d’une phrase' OK
yoda - ' ' OK
yoda - 'null' KO
	Unexpected behaviour : TypeError - Cannot read property 'split' of null
yoda - 'Object' KO
	Unexpected behaviour : TypeError - entry.split is not a function

Checking vig
vig - 'anticonstitutionnellement - foo' KO
	expected : "fbhnqcsghnhiywcsbsqzsrsby" - got undefined
vig - 'antiConstiTutioNnellement - foo' KO
	expected : "fbhnqcsghnhiywcsbsqzsrsby" - got undefined
vig - 'une phrase tres tres longue mais qui ne veut absolument rien dire car c est juste un test - nawakdecheznawak' KO
	expected : "hna prueul xqrs prof lknqxi ohmr due no ieqt kewqsylrnp rsrn zibh gcy g dft fucge qn dhwv" - got undefined
vig - ' - test' KO
	expected : " " - got undefined
vig - 'null - test' KO
	expected : "" - got undefined
vig - 'Object - test' KO
	expected : "" - got undefined

Checking prop_access
prop_access - 'path exist - value string' OK
prop_access - 'path exist - value object' OK
prop_access - 'path exist - value array' OK
prop_access - 'path not exist' OK
prop_access - 'path empty' OK
prop_access - 'object null' KO
	Unexpected behaviour : TypeError - Cannot read property 'test' of null
prop_access - 'path null' OK

