Loading script...

Starting tests...
Checking ucfirst
ucfirst - 'test' OK
ucfirst - ' test' OK
ucfirst - 'Test' OK
ucfirst - 'TEST' OK
ucfirst - 'null' OK
ucfirst - 'Object' OK

Checking capitalize
capitalize - 'test' OK
capitalize - ' test' KO
	expected : " Test" - got " test"
capitalize - 'ipsum DOLOR' KO
	expected : "Ipsum Dolor" - got "Ipsum DOLOR"
capitalize - 'sit 8met consectetur' KO
	expected : "Sit 8met Consectetur" - got "Sit 8met consectetur"
capitalize - '_dipiscing elit' KO
	expected : "_dipiscing Elit" - got "_dipiscing elit"
capitalize - 'null' KO
	Unexpected behaviour : TypeError - Cannot read property 'split' of null
capitalize - 'Object' KO
	Unexpected behaviour : TypeError - param.split is not a function

Checking camelCase
camelCase - 'toggle case is the coolest' OK
camelCase - 'toggleCase is the coolest' KO
	expected : "TogglecaseIsTheCoolest" - got "ToggleCaseIsTheCoolest"
camelCase - 'ToggleCase is the 3oolest' KO
	expected : "TogglecaseIsThe3oolest" - got "ToggleCaseIsThe3oolest"
camelCase - 'ToggleCaseIsTheCoolest' KO
	expected : "Togglecaseisthecoolest" - got "ToggleCaseIsTheCoolest"
camelCase - 'ToggleCase is_the coolest' KO
	expected : "TogglecaseIsTheCoolest" - got "ToggleCaseIs_theCoolest"
camelCase - ' toggleCase' KO
	expected : "Togglecase" - got "ToggleCase"
camelCase - 'null' KO
	Unexpected behaviour : TypeError - Cannot read property 'split' of null
camelCase - 'Object' KO
	Unexpected behaviour : TypeError - param.split is not a function

Checking snake_case
snake_case - 'toggle case is the coolest' OK
snake_case - 'toggleCase is the coolest' KO
	expected : "togglecase_is_the_coolest" - got "toggleCase_is_the_coolest"
snake_case - 'ToggleCase is the 3oolest' KO
	expected : "togglecase_is_the_3oolest" - got "ToggleCase_is_the_3oolest"
snake_case - 'ToggleCaseIsTheCool3st' KO
	expected : "togglecaseisthecool3st" - got "ToggleCaseIsTheCool3st"
snake_case - 'ToggleCase is_the coolest' KO
	expected : "togglecase_is_the_coolest" - got "ToggleCase_is_the_coolest"
snake_case - ' toggleCase' KO
	expected : "_togglecase" - got "_toggleCase"
snake_case - 'null' KO
	Unexpected behaviour : TypeError - Cannot read property 'split' of null
snake_case - 'Object' KO
	Unexpected behaviour : TypeError - param.split is not a function

Checking leet
leet - 'anaconda' OK
leet - 'anacoNDa' KO
	expected : "4n4c0ND4" - got "4n4c0nd4"
leet - 'leet' KO
	expected : "l33t" - got "133t"
leet - 'yoda' OK
leet - 'evaluation' KO
	expected : "3v4l(_)4t10n" - got "3v41(_)4t10n"
leet - 'mon travail' KO
	expected : "m0n tr4v41l" - got "m0n tr4v411"
leet - ' ' OK
leet - 'null' KO
	Unexpected behaviour : TypeError - Cannot read property 'length' of null
leet - 'Object' OK

Checking verlan
verlan - 'anaconda' OK
verlan - 'kayak' OK
verlan - 'yoda m Luke' KO
	expected : "adoy m ekuL" - got "ekuL m adoy"
verlan - '70da m L(_)k3' KO
	expected : "ad07 m 3k)_(L" - got "3k)_(L m ad07"
verlan - ' ' OK
verlan - 'null' KO
	Unexpected behaviour : TypeError - Cannot read property 'split' of null
verlan - 'Object' KO
	Unexpected behaviour : TypeError - str.split is not a function

Checking yoda
yoda - 'anaconda' OK
yoda - 'yoda m Luke' OK
yoda - 'Inverser la position des mots d’une phrase' OK
yoda - ' ' OK
yoda - 'null' KO
	Unexpected behaviour : TypeError - Cannot read property 'length' of null
yoda - 'Object' OK

Checking vig
vig - 'anticonstitutionnellement - foo' KO
	Unexpected behaviour : TypeError - "vig" not implemented
vig - 'antiConstiTutioNnellement - foo' KO
	Unexpected behaviour : TypeError - "vig" not implemented
vig - 'une phrase tres tres longue mais qui ne veut absolument rien dire car c est juste un test - nawakdecheznawak' KO
	Unexpected behaviour : TypeError - "vig" not implemented
vig - ' - test' KO
	Unexpected behaviour : TypeError - "vig" not implemented
vig - 'null - test' KO
	Unexpected behaviour : TypeError - "vig" not implemented
vig - 'Object - test' KO
	Unexpected behaviour : TypeError - "vig" not implemented

Checking prop_access
prop_access - 'path exist - value string' OK
prop_access - 'path exist - value object' OK
prop_access - 'path exist - value array' OK
prop_access - 'path not exist' KO
	expected : animal.gender not exist - got null
prop_access - 'path empty' KO
	Unexpected behaviour : TypeError - Cannot convert undefined or null to object
prop_access - 'object null' KO
	expected : test not exist - got null
prop_access - 'path null' KO
	Unexpected behaviour : TypeError - Cannot read property 'split' of null

