Loading script...

Starting tests...
Checking ucfirst
ucfirst - 'test' OK
ucfirst - ' test' OK
ucfirst - 'Test' OK
ucfirst - 'TEST' OK
ucfirst - 'null' OK
ucfirst - 'Object' OK

Checking capitalize
capitalize - 'test' OK
capitalize - ' test' OK
capitalize - 'ipsum DOLOR' OK
capitalize - 'sit 8met consectetur' OK
capitalize - '_dipiscing elit' OK
capitalize - 'null' KO
	Unexpected behaviour : TypeError - Cannot read property 'toLowerCase' of null
capitalize - 'Object' KO
	Unexpected behaviour : TypeError - str.toLowerCase is not a function

Checking camelCase
camelCase - 'toggle case is the coolest' KO
	Unexpected behaviour : TypeError - "camelCase" not implemented
camelCase - 'toggleCase is the coolest' KO
	Unexpected behaviour : TypeError - "camelCase" not implemented
camelCase - 'ToggleCase is the 3oolest' KO
	Unexpected behaviour : TypeError - "camelCase" not implemented
camelCase - 'ToggleCaseIsTheCoolest' KO
	Unexpected behaviour : TypeError - "camelCase" not implemented
camelCase - 'ToggleCase is_the coolest' KO
	Unexpected behaviour : TypeError - "camelCase" not implemented
camelCase - ' toggleCase' KO
	Unexpected behaviour : TypeError - "camelCase" not implemented
camelCase - 'null' KO
	Unexpected behaviour : TypeError - "camelCase" not implemented
camelCase - 'Object' KO
	Unexpected behaviour : TypeError - "camelCase" not implemented

Checking snake_case
snake_case - 'toggle case is the coolest' KO
	expected : "toggle_case_is_the_coolest" - got "toggle-case-is-the-coolest"
snake_case - 'toggleCase is the coolest' KO
	expected : "togglecase_is_the_coolest" - got "togglecase-is-the-coolest"
snake_case - 'ToggleCase is the 3oolest' KO
	expected : "togglecase_is_the_3oolest" - got "togglecase-is-the-3oolest"
snake_case - 'ToggleCaseIsTheCool3st' OK
snake_case - 'ToggleCase is_the coolest' KO
	expected : "togglecase_is_the_coolest" - got "togglecase-is_the-coolest"
snake_case - ' toggleCase' KO
	expected : "_togglecase" - got "-togglecase"
snake_case - 'null' KO
	Unexpected behaviour : TypeError - Cannot read property 'toLowerCase' of null
snake_case - 'Object' KO
	Unexpected behaviour : TypeError - str.toLowerCase is not a function

Checking leet
leet - 'anaconda' OK
leet - 'anacoNDa' OK
leet - 'leet' OK
leet - 'yoda' OK
leet - 'evaluation' OK
leet - 'mon travail' OK
leet - ' ' OK
leet - 'null' KO
	Unexpected behaviour : TypeError - Cannot read property 'length' of null
leet - 'Object' OK

Checking verlan
verlan - 'anaconda' OK
verlan - 'kayak' OK
verlan - 'yoda m Luke' KO
	expected : "adoy m ekuL" - got "ekuL m adoy"
verlan - '70da m L(_)k3' KO
	expected : "ad07 m 3k)_(L" - got "3k)_(L m ad07"
verlan - ' ' OK
verlan - 'null' KO
	Unexpected behaviour : TypeError - Cannot read property 'split' of null
verlan - 'Object' KO
	Unexpected behaviour : TypeError - str.split is not a function

Checking yoda
yoda - 'anaconda' KO
	Unexpected behaviour : TypeError - "yoda" not implemented
yoda - 'yoda m Luke' KO
	Unexpected behaviour : TypeError - "yoda" not implemented
yoda - 'Inverser la position des mots d’une phrase' KO
	Unexpected behaviour : TypeError - "yoda" not implemented
yoda - ' ' KO
	Unexpected behaviour : TypeError - "yoda" not implemented
yoda - 'null' KO
	Unexpected behaviour : TypeError - "yoda" not implemented
yoda - 'Object' KO
	Unexpected behaviour : TypeError - "yoda" not implemented

Checking vig
vig - 'anticonstitutionnellement - foo' KO
	Unexpected behaviour : TypeError - "vig" not implemented
vig - 'antiConstiTutioNnellement - foo' KO
	Unexpected behaviour : TypeError - "vig" not implemented
vig - 'une phrase tres tres longue mais qui ne veut absolument rien dire car c est juste un test - nawakdecheznawak' KO
	Unexpected behaviour : TypeError - "vig" not implemented
vig - ' - test' KO
	Unexpected behaviour : TypeError - "vig" not implemented
vig - 'null - test' KO
	Unexpected behaviour : TypeError - "vig" not implemented
vig - 'Object - test' KO
	Unexpected behaviour : TypeError - "vig" not implemented

Checking prop_access
prop_access - 'path exist - value string' KO
	Unexpected behaviour : TypeError - "prop_access" not implemented
prop_access - 'path exist - value object' KO
	Unexpected behaviour : TypeError - "prop_access" not implemented
prop_access - 'path exist - value array' KO
	Unexpected behaviour : TypeError - "prop_access" not implemented
prop_access - 'path not exist' KO
	Unexpected behaviour : TypeError - "prop_access" not implemented
prop_access - 'path empty' KO
	Unexpected behaviour : TypeError - "prop_access" not implemented
prop_access - 'object null' KO
	Unexpected behaviour : TypeError - "prop_access" not implemented
prop_access - 'path null' KO
	Unexpected behaviour : TypeError - "prop_access" not implemented

