
Starting tests...
Checking ucfirst
ucfirst - 'test' OK
ucfirst - ' test' OK
ucfirst - 'Test' OK
ucfirst - 'TEST' OKLoading script...

ucfirst - 'null' OK
ucfirst - 'Object' OK

Checking capitalize
capitalize - 'test' OK
capitalize - ' test' OK
capitalize - 'ipsum DOLOR' OK
capitalize - 'sit 8met consectetur' OK
capitalize - '_dipiscing elit' OK
capitalize - 'null' OK
capitalize - 'Object' OK

Checking camelCase
Starting tests...

camelCase - 'toggle case is the coolest' OKChecking ucfirst
camelCase - 'toggleCase is the coolest' OK
camelCase - 'ToggleCase is the 3oolest' OK
camelCase - 'ToggleCaseIsTheCoolest' OK
camelCase - 'ToggleCase is_the coolest' OK
camelCase - ' toggleCase' OK
camelCase - 'null' OK
ucfirst - 'test' OK
camelCase - 'Object' OK


ucfirst - ' test' OKChecking snake_case
ucfirst - 'Test' OK
snake_case - 'toggle case is the coolest' OK
ucfirst - 'TEST' OK
snake_case - 'toggleCase is the coolest' OK
snake_case - 'ToggleCase is the 3oolest' OK
snake_case - 'ToggleCaseIsTheCool3st' OK
ucfirst - 'null' OK
snake_case - 'ToggleCase is_the coolest' OK
snake_case - ' toggleCase' OK
ucfirst - 'Object' OK
snake_case - 'null' OK
snake_case - 'Object' OK

Checking capitalize

Checking leet
capitalize - 'test' OK
leet - 'anaconda' OK
capitalize - ' test' OK
leet - 'anacoNDa' OK
leet - 'leet' OK
leet - 'yoda' OK
capitalize - 'ipsum DOLOR' OK
leet - 'evaluation' OK
leet - 'mon travail' OK
capitalize - 'sit 8met consectetur' OK
leet - ' ' OK
leet - 'null' OK
capitalize - '_dipiscing elit' OK
leet - 'Object' OK


capitalize - 'null' OKChecking verlan
capitalize - 'Object' OK

Checking camelCase
verlan - 'anaconda' OK
verlan - 'kayak' OK
camelCase - 'toggle case is the coolest' OK
verlan - 'yoda m Luke' OK
camelCase - 'toggleCase is the coolest' OK
camelCase - 'ToggleCase is the 3oolest' OK
verlan - '70da m L(_)k3' OK
verlan - ' ' OK
camelCase - 'ToggleCaseIsTheCoolest' OK
verlan - 'null' OK
camelCase - 'ToggleCase is_the coolest' OK
verlan - 'Object' OK


camelCase - ' toggleCase' OKChecking yoda
camelCase - 'null' OK
camelCase - 'Object' OK
yoda - 'anaconda' OK

Checking snake_case
snake_case - 'toggle case is the coolest' OK
yoda - 'yoda m Luke' OK
snake_case - 'toggleCase is the coolest' OK
snake_case - 'ToggleCase is the 3oolest' OK
snake_case - 'ToggleCaseIsTheCool3st' OK
snake_case - 'ToggleCase is_the coolest' OK
yoda - 'Inverser la position des mots d’une phrase' OK
snake_case - ' toggleCase' OK
yoda - ' ' OK
snake_case - 'null' OK
yoda - 'null' OK
snake_case - 'Object' OK
yoda - 'Object' OK



Checking leetChecking vig
leet - 'anaconda' OK
vig - 'anticonstitutionnellement - foo' OK
leet - 'anacoNDa' OK
vig - 'antiConstiTutioNnellement - foo' KO
	expected : "fbhnqcsghnhiywcsbsqzsrsby" - got "fbhnncsghnniywcebsqzsrsby"
leet - 'leet' OK
vig - 'une phrase tres tres longue mais qui ne veut absolument rien dire car c est juste un test - nawakdecheznawak' KO
	expected : "hna prueul xqrs prof lknqxi ohmr due no ieqt kewqsylrnp rsrn zibh gcy g dft fucge qn dhwv" - got "hna zkvczi gras gras ospnyd mwic qqi qi citg wbcblqmoqx ymda zibr yab g lws jqsdr qn wiua"
leet - 'yoda' OK
vig - ' - test' OK
vig - 'null - test' KO
	Unexpected behaviour : TypeError - Cannot read property 'length' of null
leet - 'evaluation' OK
leet - 'mon travail' OK
vig - 'Object - test' OK
leet - ' ' OK


leet - 'null' OKChecking prop_access
leet - 'Object' OK

Checking verlan
prop_access - 'path exist - value string' OK
verlan - 'anaconda' OK
prop_access - 'path exist - value object' OK
prop_access - 'path exist - value array' OK
verlan - 'kayak' OK
prop_access - 'path not exist' OK
verlan - 'yoda m Luke' OK
verlan - '70da m L(_)k3' OK
prop_access - 'path empty' OK
verlan - ' ' OK
prop_access - 'object null' KO
	Unexpected behaviour : TypeError - Cannot convert undefined or null to object
verlan - 'null' OK
prop_access - 'path null' OK


verlan - 'Object' OK

Checking yoda
yoda - 'anaconda' OK
yoda - 'yoda m Luke' OK
yoda - 'Inverser la position des mots d’une phrase' OK
yoda - ' ' OK
yoda - 'null' OK
yoda - 'Object' OK

Checking vig
vig - 'anticonstitutionnellement - foo' OK
vig - 'antiConstiTutioNnellement - foo' KO
	expected : "fbhnqcsghnhiywcsbsqzsrsby" - got "fbhnncsghnniywcebsqzsrsby"
vig - 'une phrase tres tres longue mais qui ne veut absolument rien dire car c est juste un test - nawakdecheznawak' KO
	expected : "hna prueul xqrs prof lknqxi ohmr due no ieqt kewqsylrnp rsrn zibh gcy g dft fucge qn dhwv" - got "hna zkvczi gras gras ospnyd mwic qqi qi citg wbcblqmoqx ymda zibr yab g lws jqsdr qn wiua"
vig - ' - test' OK
vig - 'null - test' KO
	Unexpected behaviour : TypeError - Cannot read property 'length' of null
vig - 'Object - test' OK

Checking prop_access
prop_access - 'path exist - value string' OK
prop_access - 'path exist - value object' OK
prop_access - 'path exist - value array' OK
prop_access - 'path not exist' OK
prop_access - 'path empty' OK
prop_access - 'object null' KO
	Unexpected behaviour : TypeError - Cannot convert undefined or null to object
prop_access - 'path null' OK

