Loading script...

Wed Nov 27 2019 12:59:50 GMT+0000 (Coordinated Universal Time) - Starting tests...
Checking ucfirst
ucfirst - 'test' OK
ucfirst - ' test' OK
ucfirst - 'Test' OK
ucfirst - 'TEST' OK
ucfirst - 'null' OK
ucfirst - 'Object' OK

Checking capitalize
capitalize - 'test' OK
capitalize - ' test' OK
capitalize - 'ipsum DOLOR' OK
capitalize - 'sit 8met consectetur' OK
capitalize - '_dipiscing elit' OK
capitalize - 'null' OK
capitalize - 'Object' OK

Checking camelCase
camelCase - 'toggle case is the coolest' OK
camelCase - 'toggleCase is the coolest' OK
camelCase - 'ToggleCase is the 3oolest' OK
camelCase - 'ToggleCaseIsTheCoolest' OK
camelCase - 'ToggleCase is_the coolest' KO
	expected : "TogglecaseIsTheCoolest" - got "TogglecaseIs_theCoolest"
camelCase - ' toggleCase' OK
camelCase - 'null' OK
camelCase - 'Object' OK

Checking snake_case
snake_case - 'toggle case is the coolest' KO
	Unexpected behaviour : TypeError - "snake_case" not implemented
snake_case - 'toggleCase is the coolest' KO
	Unexpected behaviour : TypeError - "snake_case" not implemented
snake_case - 'ToggleCase is the 3oolest' KO
	Unexpected behaviour : TypeError - "snake_case" not implemented
snake_case - 'ToggleCaseIsTheCool3st' KO
	Unexpected behaviour : TypeError - "snake_case" not implemented
snake_case - 'ToggleCase is_the coolest' KO
	Unexpected behaviour : TypeError - "snake_case" not implemented
snake_case - ' toggleCase' KO
	Unexpected behaviour : TypeError - "snake_case" not implemented
snake_case - 'null' KO
	Unexpected behaviour : TypeError - "snake_case" not implemented
snake_case - 'Object' KO
	Unexpected behaviour : TypeError - "snake_case" not implemented

Checking leet
leet - 'anaconda' OK
leet - 'anacoNDa' OK
leet - 'leet' OK
leet - 'yoda' OK
leet - 'evaluation' OK
leet - 'mon travail' OK
leet - ' ' OK
leet - 'null' OK
leet - 'Object' OK

Checking verlan
verlan - 'anaconda' OK
verlan - 'kayak' OK
verlan - 'yoda m Luke' OK
verlan - '70da m L(_)k3' OK
verlan - ' ' OK
verlan - 'null' KO
	Unexpected behaviour : TypeError - Cannot read property 'split' of null
verlan - 'Object' KO
	Unexpected behaviour : TypeError - string.split is not a function

Checking yoda