Loading script...

Tue Dec 17 2019 16:12:29 GMT+0000 (Coordinated Universal Time) - Starting tests...
Checking ucfirst
ucfirst - 'test' KO
	expected : "Test" - got ""
ucfirst - ' test' KO
	expected : " test" - got ""
ucfirst - 'Test' KO
	expected : "Test" - got ""
ucfirst - 'TEST' KO
	expected : "TEST" - got ""
ucfirst - 'null' KO
	Unexpected behaviour : TypeError - Cannot read property 'ucfirst' of null
ucfirst - 'Object' KO
	Unexpected behaviour : TypeError - "ucfirst" not implemented

Checking capitalize
capitalize - 'test' KO
	expected : "Test" - got ""
capitalize - ' test' KO
	expected : " Test" - got ""
capitalize - 'ipsum DOLOR' KO
	expected : "Ipsum Dolor" - got ""
capitalize - 'sit 8met consectetur' KO
	expected : "Sit 8met Consectetur" - got ""
capitalize - '_dipiscing elit' KO
	expected : "_dipiscing Elit" - got ""
capitalize - 'null' KO
	Unexpected behaviour : TypeError - Cannot read property 'capitalize' of null
capitalize - 'Object' KO
	Unexpected behaviour : TypeError - "capitalize" not implemented

Checking camelCase
camelCase - 'toggle case is the coolest' KO
	expected : "ToggleCaseIsTheCoolest" - got ""
camelCase - 'toggleCase is the coolest' KO
	expected : "TogglecaseIsTheCoolest" - got ""
camelCase - 'ToggleCase is the 3oolest' KO
	expected : "TogglecaseIsThe3oolest" - got ""
camelCase - 'ToggleCaseIsTheCoolest' KO
	expected : "Togglecaseisthecoolest" - got ""
camelCase - 'ToggleCase is_the coolest' KO
	expected : "TogglecaseIsTheCoolest" - got ""
camelCase - ' toggleCase' KO
	expected : "Togglecase" - got ""
camelCase - 'null' KO
	Unexpected behaviour : TypeError - Cannot read property 'camelCase' of null
camelCase - 'Object' KO
	Unexpected behaviour : TypeError - "camelCase" not implemented

