Loading script...

Tue Dec 17 2019 16:18:15 GMT+0000 (Coordinated Universal Time) - Starting tests...
Checking ucfirst
ucfirst - 'test' KO
	Unexpected behaviour : TypeError - this.charAt is not a function
ucfirst - ' test' KO
	Unexpected behaviour : TypeError - this.charAt is not a function
ucfirst - 'Test' KO
	Unexpected behaviour : TypeError - this.charAt is not a function
ucfirst - 'TEST' KO
	Unexpected behaviour : TypeError - this.charAt is not a function
ucfirst - 'null' KO
	Unexpected behaviour : TypeError - Cannot read property 'ucfirst' of null
ucfirst - 'Object' KO
	Unexpected behaviour : TypeError - "ucfirst" not implemented

Checking capitalize
capitalize - 'test' KO
	Unexpected behaviour : TypeError - "capitalize" not implemented
capitalize - ' test' KO
	Unexpected behaviour : TypeError - "capitalize" not implemented
capitalize - 'ipsum DOLOR' KO
	Unexpected behaviour : TypeError - "capitalize" not implemented
capitalize - 'sit 8met consectetur' KO
	Unexpected behaviour : TypeError - "capitalize" not implemented
capitalize - '_dipiscing elit' KO
	Unexpected behaviour : TypeError - "capitalize" not implemented
capitalize - 'null' KO
	Unexpected behaviour : TypeError - Cannot read property 'capitalize' of null
capitalize - 'Object' KO
	Unexpected behaviour : TypeError - "capitalize" not implemented

Checking camelCase
camelCase - 'toggle case is the coolest' KO
	Unexpected behaviour : TypeError - "camelCase" not implemented
camelCase - 'toggleCase is the coolest' KO
	Unexpected behaviour : TypeError - "camelCase" not implemented
camelCase - 'ToggleCase is the 3oolest' KO
	Unexpected behaviour : TypeError - "camelCase" not implemented
camelCase - 'ToggleCaseIsTheCoolest' KO
	Unexpected behaviour : TypeError - "camelCase" not implemented
camelCase - 'ToggleCase is_the coolest' KO
	Unexpected behaviour : TypeError - "camelCase" not implemented
camelCase - ' toggleCase' KO
	Unexpected behaviour : TypeError - "camelCase" not implemented