
verlan - 'yoda m Luke' KO
	Unexpected behaviour : TypeError - "verlan" not implemented
verlan - '70da m L(_)k3' KO
	Unexpected behaviour : TypeError - "verlan" not implementedLoading script...

verlan - ' ' KO
	Unexpected behaviour : TypeError - "verlan" not implemented
verlan - 'null' KO
	Unexpected behaviour : TypeError - Cannot read property 'verlan' of null
verlan - 'Object' KO
	Unexpected behaviour : TypeError - "verlan" not implemented

Checking yoda
yoda - 'anaconda' KO
	Unexpected behaviour : TypeError - "yoda" not implemented
yoda - 'yoda m Luke' KO
	Unexpected behaviour : TypeError - "yoda" not implemented
Tue Dec 17 2019 16:09:33 GMT+0000 (Coordinated Universal Time) - Starting tests...
Checking ucfirst
yoda - 'Inverser la position des mots d’une phrase' KO
	Unexpected behaviour : TypeError - "yoda" not implemented
yoda - ' ' KO
	Unexpected behaviour : TypeError - "yoda" not implemented
yoda - 'null' KO
	Unexpected behaviour : TypeError - Cannot read property 'yoda' of null
ucfirst - 'test' KO
	Unexpected behaviour : TypeError - "ucfirst" not implemented
yoda - 'Object' KO
	Unexpected behaviour : TypeError - "yoda" not implemented
ucfirst - ' test' KO
	Unexpected behaviour : TypeError - "ucfirst" not implemented

Checking vig
ucfirst - 'Test' KO
	Unexpected behaviour : TypeError - "ucfirst" not implemented
vig - 'anticonstitutionnellement - foo' KO
	Unexpected behaviour : Error - Expected exactly two arguments
ucfirst - 'TEST' KO
	Unexpected behaviour : TypeError - "ucfirst" not implemented
vig - 'antiConstiTutioNnellement - foo' KO
	Unexpected behaviour : Error - Expected exactly two arguments
ucfirst - 'null' KO
	Unexpected behaviour : TypeError - Cannot read property 'ucfirst' of null
vig - 'une phrase tres tres longue mais qui ne veut absolument rien dire car c est juste un test - nawakdecheznawak' KO
	Unexpected behaviour : Error - Expected exactly two arguments
vig - ' - test' KO
	Unexpected behaviour : Error - Expected exactly two arguments
ucfirst - 'Object' KO
	Unexpected behaviour : TypeError - "ucfirst" not implemented
vig - 'null - test' KO
	Unexpected behaviour : TypeError - Cannot read property 'vig' of null


vig - 'Object - test' KO
	Unexpected behaviour : TypeError - "vig" not implementedChecking capitalize


capitalize - 'test' KO
	Unexpected behaviour : TypeError - "capitalize" not implementedChecking prop_access
capitalize - ' test' KO
	Unexpected behaviour : TypeError - "capitalize" not implemented
prop_access - 'path exist - value string' KO
	Unexpected behaviour : TypeError - properties.split is not a function or its return value is not iterable
capitalize - 'ipsum DOLOR' KO
	Unexpected behaviour : TypeError - "capitalize" not implemented
prop_access - 'path exist - value object' KO
	Unexpected behaviour : TypeError - properties.split is not a function or its return value is not iterable
capitalize - 'sit 8met consectetur' KO
	Unexpected behaviour : TypeError - "capitalize" not implemented
prop_access - 'path exist - value array' KO
	Unexpected behaviour : TypeError - properties.split is not a function or its return value is not iterable
capitalize - '_dipiscing elit' KO
	Unexpected behaviour : TypeError - "capitalize" not implemented
prop_access - 'path not exist' KO
	Unexpected behaviour : TypeError - properties.split is not a function or its return value is not iterable
capitalize - 'null' KO
	Unexpected behaviour : TypeError - Cannot read property 'capitalize' of null
prop_access - 'path empty' KO
	Unexpected behaviour : TypeError - properties.split is not a function or its return value is not iterable
capitalize - 'Object' KO
	Unexpected behaviour : TypeError - "capitalize" not implemented
prop_access - 'object null' KO
	Unexpected behaviour : TypeError - Cannot read property 'prop_access' of null
prop_access - 'path null' KO
	Unexpected behaviour : TypeError - properties.split is not a function or its return value is not iterable



Checking camelCase
camelCase - 'toggle case is the coolest' KO
	Unexpected behaviour : TypeError - "camelCase" not implemented
camelCase - 'toggleCase is the coolest' KO
	Unexpected behaviour : TypeError - "camelCase" not implemented
camelCase - 'ToggleCase is the 3oolest' KO
	Unexpected behaviour : TypeError - "camelCase" not implemented
camelCase - 'ToggleCaseIsTheCoolest' KO
	Unexpected behaviour : TypeError - "camelCase" not implemented
camelCase - 'ToggleCase is_the coolest' KO
	Unexpected behaviour : TypeError - "camelCase" not implemented
camelCase - ' toggleCase' KO
	Unexpected behaviour : TypeError - "camelCase" not implemented
camelCase - 'null' KO
	Unexpected behaviour : TypeError - Cannot read property 'camelCase' of null
camelCase - 'Object' KO
	Unexpected behaviour : TypeError - "camelCase" not implemented

Checking snake_case
snake_case - 'toggle case is the coolest' KO
	Unexpected behaviour : TypeError - "snake_case" not implemented
snake_case - 'toggleCase is the coolest' KO
	Unexpected behaviour : TypeError - "snake_case" not implemented
snake_case - 'ToggleCase is the 3oolest' KO
	Unexpected behaviour : TypeError - "snake_case" not implemented
snake_case - 'ToggleCaseIsTheCool3st' KO
	Unexpected behaviour : TypeError - "snake_case" not implemented
snake_case - 'ToggleCase is_the coolest' KO
	Unexpected behaviour : TypeError - "snake_case" not implemented
snake_case - ' toggleCase' KO
	Unexpected behaviour : TypeError - "snake_case" not implemented
snake_case - 'null' KO
	Unexpected behaviour : TypeError - Cannot read property 'snake_case' of null
snake_case - 'Object' KO
	Unexpected behaviour : TypeError - "snake_case" not implemented

Checking leet
leet - 'anaconda' KO
	Unexpected behaviour : TypeError - "leet" not implemented
leet - 'anacoNDa' KO
	Unexpected behaviour : TypeError - "leet" not implemented
leet - 'leet' KO
	Unexpected behaviour : TypeError - "leet" not implemented
leet - 'yoda' KO
	Unexpected behaviour : TypeError - "leet" not implemented
leet - 'evaluation' KO
	Unexpected behaviour : TypeError - "leet" not implemented
leet - 'mon travail' KO
	Unexpected behaviour : TypeError - "leet" not implemented
leet - ' ' KO
	Unexpected behaviour : TypeError - "leet" not implemented
leet - 'null' KO
	Unexpected behaviour : TypeError - Cannot read property 'leet' of null
leet - 'Object' KO
	Unexpected behaviour : TypeError - "leet" not implemented

Checking verlan
verlan - 'anaconda' KO
	Unexpected behaviour : TypeError - "verlan" not implemented
verlan - 'kayak' KO
	Unexpected behaviour : TypeError - "verlan" not implemented
verlan - 'yoda m Luke' KO
	Unexpected behaviour : TypeError - "verlan" not implemented
verlan - '70da m L(_)k3' KO
	Unexpected behaviour : TypeError - "verlan" not implemented
verlan - ' ' KO
	Unexpected behaviour : TypeError - "verlan" not implemented
verlan - 'null' KO
	Unexpected behaviour : TypeError - Cannot read property 'verlan' of null
verlan - 'Object' KO
	Unexpected behaviour : TypeError - "verlan" not implemented

Checking yoda
yoda - 'anaconda' KO
	Unexpected behaviour : TypeError - "yoda" not implemented
yoda - 'yoda m Luke' KO
	Unexpected behaviour : TypeError - "yoda" not implemented
yoda - 'Inverser la position des mots d’une phrase' KO
	Unexpected behaviour : TypeError - "yoda" not implemented
yoda - ' ' KO
	Unexpected behaviour : TypeError - "yoda" not implemented
yoda - 'null' KO
	Unexpected behaviour : TypeError - Cannot read property 'yoda' of null
yoda - 'Object' KO
	Unexpected behaviour : TypeError - "yoda" not implemented

Checking vig
vig - 'anticonstitutionnellement - foo' KO
	Unexpected behaviour : Error - Expected exactly two arguments
vig - 'antiConstiTutioNnellement - foo' KO
	Unexpected behaviour : Error - Expected exactly two arguments
vig - 'une phrase tres tres longue mais qui ne veut absolument rien dire car c est juste un test - nawakdecheznawak' KO
	Unexpected behaviour : Error - Expected exactly two arguments
vig - ' - test' KO
	Unexpected behaviour : Error - Expected exactly two arguments
vig - 'null - test' KO
	Unexpected behaviour : TypeError - Cannot read property 'vig' of null
vig - 'Object - test' KO
	Unexpected behaviour : TypeError - "vig" not implemented

Checking prop_access
prop_access - 'path exist - value string' KO
	Unexpected behaviour : TypeError - properties.split is not a function or its return value is not iterable
prop_access - 'path exist - value object' KO
	Unexpected behaviour : TypeError - properties.split is not a function or its return value is not iterable
prop_access - 'path exist - value array' KO
	Unexpected behaviour : TypeError - properties.split is not a function or its return value is not iterable
prop_access - 'path not exist' KO
	Unexpected behaviour : TypeError - properties.split is not a function or its return value is not iterable
prop_access - 'path empty' KO
	Unexpected behaviour : TypeError - properties.split is not a function or its return value is not iterable
prop_access - 'object null' KO
	Unexpected behaviour : TypeError - Cannot read property 'prop_access' of null
prop_access - 'path null' KO
	Unexpected behaviour : TypeError - properties.split is not a function or its return value is not iterable

