
verlan - 'anaconda' KO
	expected : "adnocana" - got ""
verlan - 'kayak' KO
	expected : "kayak" - got ""Loading script...

verlan - 'yoda m Luke' KO
	expected : "adoy m ekuL" - got ""
verlan - '70da m L(_)k3' KO
	expected : "ad07 m 3k)_(L" - got ""
verlan - ' ' KO
	expected : " " - got ""
verlan - 'null' KO
	Unexpected behaviour : TypeError - Cannot read property 'verlan' of null
verlan - 'Object' KO
	Unexpected behaviour : TypeError - "verlan" not implemented

Checking yoda
yoda - 'anaconda' KO
	expected : "anaconda" - got ""
yoda - 'yoda m Luke' KO
	expected : "Luke m yoda" - got ""
yoda - 'Inverser la position des mots d’une phrase' KO
	expected : "phrase d’une mots des position la Inverser" - got ""
yoda - ' ' KO
	expected : " " - got ""
yoda - 'null' KO
	Unexpected behaviour : TypeError - Cannot read property 'yoda' of null
yoda - 'Object' KO
	Unexpected behaviour : TypeError - "yoda" not implemented

Checking vig
vig - 'anticonstitutionnellement - foo' KO
	expected : "fbhnqcsghnhiywcsbsqzsrsby" - got ""
vig - 'antiConstiTutioNnellement - foo' KO
	expected : "fbhnqcsghnhiywcsbsqzsrsby" - got ""
vig - 'une phrase tres tres longue mais qui ne veut absolument rien dire car c est juste un test - nawakdecheznawak' KO
	expected : "hna prueul xqrs prof lknqxi ohmr due no ieqt kewqsylrnp rsrn zibh gcy g dft fucge qn dhwv" - got ""
vig - ' - test' KO
	expected : " " - got ""
vig - 'null - test' KO
	Unexpected behaviour : TypeError - Cannot read property 'vig' of null
vig - 'Object - test' KO
	Unexpected behaviour : TypeError - "vig" not implemented

Checking prop_access
prop_access - 'path exist - value string' KO
	Unexpected behaviour : TypeError - "prop_access" not implemented
prop_access - 'path exist - value object' KO
	Unexpected behaviour : TypeError - "prop_access" not implemented
prop_access - 'path exist - value array' KO
	Unexpected behaviour : TypeError - "prop_access" not implemented
prop_access - 'path not exist' KO
	Unexpected behaviour : TypeError - "prop_access" not implemented
prop_access - 'path empty' KO
	Unexpected behaviour : TypeError - "prop_access" not implemented
prop_access - 'object null' KO
	Unexpected behaviour : TypeError - Cannot read property 'prop_access' of null
prop_access - 'path null' KO
	Unexpected behaviour : TypeError - "prop_access" not implemented


Tue Dec 17 2019 16:11:24 GMT+0000 (Coordinated Universal Time) - Starting tests...
Checking ucfirst
ucfirst - 'test' KO
	expected : "Test" - got ""
ucfirst - ' test' KO
	expected : " test" - got ""
ucfirst - 'Test' KO
	expected : "Test" - got ""
ucfirst - 'TEST' KO
	expected : "TEST" - got ""
ucfirst - 'null' KO
	Unexpected behaviour : TypeError - Cannot read property 'ucfirst' of null
ucfirst - 'Object' KO
	Unexpected behaviour : TypeError - "ucfirst" not implemented

Checking capitalize
capitalize - 'test' KO
	expected : "Test" - got ""
capitalize - ' test' KO
	expected : " Test" - got ""
capitalize - 'ipsum DOLOR' KO
	expected : "Ipsum Dolor" - got ""
capitalize - 'sit 8met consectetur' KO
	expected : "Sit 8met Consectetur" - got ""
capitalize - '_dipiscing elit' KO
	expected : "_dipiscing Elit" - got ""
capitalize - 'null' KO
	Unexpected behaviour : TypeError - Cannot read property 'capitalize' of null
capitalize - 'Object' KO
	Unexpected behaviour : TypeError - "capitalize" not implemented

Checking camelCase
camelCase - 'toggle case is the coolest' KO
	expected : "ToggleCaseIsTheCoolest" - got ""
camelCase - 'toggleCase is the coolest' KO
	expected : "TogglecaseIsTheCoolest" - got ""